#
# A fatal error has been detected by the Java Runtime Environment:
#
#  SIGBUS (0xa) at pc=0x000000010fbe9eb9, pid=29382, tid=5891
#
# JRE version: Java(TM) SE Runtime Environment (8.0_51-b16) (build 1.8.0_51-b16)
# Java VM: Java HotSpot(TM) 64-Bit Server VM (25.51-b03 mixed mode bsd-amd64 compressed oops)
# Problematic frame:
# C  [libzip.dylib+0x2eb9]  newEntry+0x154
#
# Failed to write core dump. Core dumps have been disabled. To enable core dumping, try "ulimit -c unlimited" before starting Java again
#
# If you would like to submit a bug report, please visit:
#   http://bugreport.java.com/bugreport/crash.jsp
# The crash happened outside the Java Virtual Machine in native code.
# See problematic frame for where to report the bug.
#

---------------  T H R E A D  ---------------

Current thread (0x00007f9e3200a800):  JavaThread "main" [_thread_in_native, id=5891, stack(0x000070000011a000,0x000070000021a000)]

siginfo: si_signo: 10 (SIGBUS), si_code: 2 (BUS_ADRERR), si_addr: 0x00000001260c8437

Registers:
RAX=0x00007f9e31c1af50, RBX=0x00000001260c842b, RCX=0x0000000000000900, RDX=0x0000000000000000
RSP=0x0000700000216e80, RBP=0x0000700000216ee0, RSI=0x00007f9e31e00000, RDI=0x000000010f908800
R8 =0x0000000000000004, R9 =0x00000000ff000000, R10=0x0000000080cd351a, R11=0x00007f9e31e00000
R12=0x00007f9e3209d400, R13=0x0000000000000420, R14=0x00000000525e39c4, R15=0x00007f9e31c96c50
RIP=0x000000010fbe9eb9, EFLAGS=0x0000000000010206, ERR=0x0000000000000004
  TRAPNO=0x000000000000000e

Top of Stack: (sp=0x0000700000216e80)
0x0000700000216e80:   0000700000000016 000000003200a800
0x0000700000216e90:   00000007c0078090 00000001231c24b8
0x0000700000216ea0:   0000700000216ec0 00007f9e31c1af50
0x0000700000216eb0:   00007f9e31e9e330 00007f9e31c1af50
0x0000700000216ec0:   00007f9e3209d400 0000000000000420
0x0000700000216ed0:   00000000525e39c4 00007f9e31c96c50
0x0000700000216ee0:   0000700000216f40 000000010fbea554
0x0000700000216ef0:   0000700000216f88 0000700000216f87
0x0000700000216f00:   0000002800000000 000000290100a800
0x0000700000216f10:   0000700000216f5e 00007000002173a8
0x0000700000216f20:   0000000000000029 0000700000216f5e
0x0000700000216f30:   00007f9e31c1af50 00007f9e3200a9f8
0x0000700000216f40:   0000700000217390 000000010fbe934f
0x0000700000216f50:   00000007c00f91d0 7571000700000001
0x0000700000216f60:   62694c2f6d75726f 472f736569726172
0x0000700000216f70:   706172472f656d61 73654d2f73636968
0x0000700000216f80:   007373616c632e68 0000700000217128
0x0000700000216f90:   0000700000216ff0 0000000000000000
0x0000700000216fa0:   00000001109f166a 0000000000000036
0x0000700000216fb0:   0000000000000000 00007fff2949258b
0x0000700000216fc0:   00000007bb0f0a18 00007fff8bfb165b
0x0000700000216fd0:   00000001109c5099 0000000000000000
0x0000700000216fe0:   00000007bb0f09d8 0000000111556244
0x0000700000216ff0:   00000007bb0f0a30 000000011159e482
0x0000700000217000:   00000007bb0ef8f8 0000001e00000000
0x0000700000217010:   0000000000000031 0000000000000053
0x0000700000217020:   00007fff799876b8 00000000ffffffff
0x0000700000217030:   00000007803a2530 00000007bb0f0a18
0x0000700000217040:   00000001109f1668 0000000000000001
0x0000700000217050:   00000007bb0f09d8 00000001114b287c
0x0000700000217060:   0000000000000029 0000000000000000
0x0000700000217070:   00007000002177e8 0000000000000036 

Instructions: (pc=0x000000010fbe9eb9)
0x000000010fbe9e99:   49 8b 7f 38 e8 50 1b 00 00 4d 89 77 38 49 89 5f
0x000000010fbe9ea9:   40 4c 89 f0 48 85 c0 0f 84 11 05 00 00 48 89 c3
0x000000010fbe9eb9:   0f b6 43 0c 0f b6 4b 0d 48 c1 e1 08 48 01 c1 0f
0x000000010fbe9ec9:   b6 43 0e 0f b6 53 0f 48 c1 e2 08 48 01 c2 48 c1 

Register to memory mapping:

RAX=0x00007f9e31c1af50 is an unknown value
RBX=0x00000001260c842b is an unknown value
RCX=0x0000000000000900 is an unknown value
RDX=0x0000000000000000 is an unknown value
RSP=0x0000700000216e80 is pointing into the stack for thread: 0x00007f9e3200a800
RBP=0x0000700000216ee0 is pointing into the stack for thread: 0x00007f9e3200a800
RSI=0x00007f9e31e00000 is an unknown value
RDI=0x000000010f908800 is an unknown value
R8 =0x0000000000000004 is an unknown value
R9 =0x00000000ff000000 is an unknown value
R10=0x0000000080cd351a is an unknown value
R11=0x00007f9e31e00000 is an unknown value
R12=0x00007f9e3209d400 is an unknown value
R13=0x0000000000000420 is an unknown value
R14=0x00000000525e39c4 is an unknown value
R15=0x00007f9e31c96c50 is an unknown value


Stack: [0x000070000011a000,0x000070000021a000],  sp=0x0000700000216e80,  free space=1011k
Native frames: (J=compiled Java code, j=interpreted, Vv=VM code, C=native code)
C  [libzip.dylib+0x2eb9]  newEntry+0x154
C  [libzip.dylib+0x3554]  ZIP_GetEntry2+0xd4
C  [libzip.dylib+0x234f]  Java_java_util_zip_ZipFile_getEntry+0xcf
J 89  java.util.zip.ZipFile.getEntry(J[BZ)J (0 bytes) @ 0x000000011149e38e [0x000000011149e2c0+0xce]
J 531 C2 sun.misc.URLClassPath$JarLoader.getResource(Ljava/lang/String;Z)Lsun/misc/Resource; (85 bytes) @ 0x00000001115a2284 [0x00000001115a1de0+0x4a4]

Java frames: (J=compiled Java code, j=interpreted, Vv=VM code)
J 89  java.util.zip.ZipFile.getEntry(J[BZ)J (0 bytes) @ 0x000000011149e318 [0x000000011149e2c0+0x58]
J 531 C2 sun.misc.URLClassPath$JarLoader.getResource(Ljava/lang/String;Z)Lsun/misc/Resource; (85 bytes) @ 0x00000001115a2284 [0x00000001115a1de0+0x4a4]
J 198 C1 sun.misc.URLClassPath.getResource(Ljava/lang/String;Z)Lsun/misc/Resource; (83 bytes) @ 0x00000001114d88ac [0x00000001114d8740+0x16c]
J 218 C1 java.net.URLClassLoader$1.run()Ljava/lang/Class; (63 bytes) @ 0x00000001114e573c [0x00000001114e5520+0x21c]
J 217 C1 java.net.URLClassLoader$1.run()Ljava/lang/Object; (5 bytes) @ 0x00000001114e518c [0x00000001114e5100+0x8c]
v  ~StubRoutines::call_stub
J 216  java.security.AccessController.doPrivileged(Ljava/security/PrivilegedExceptionAction;Ljava/security/AccessControlContext;)Ljava/lang/Object; (0 bytes) @ 0x00000001114e4de3 [0x00000001114e4d80+0x63]
J 181 C1 java.net.URLClassLoader.findClass(Ljava/lang/String;)Ljava/lang/Class; (47 bytes) @ 0x00000001114d1354 [0x00000001114d11c0+0x194]
J 171 C1 java.lang.ClassLoader.loadClass(Ljava/lang/String;Z)Ljava/lang/Class; (122 bytes) @ 0x00000001114cbfa4 [0x00000001114cb640+0x964]
J 226 C1 sun.misc.Launcher$AppClassLoader.loadClass(Ljava/lang/String;Z)Ljava/lang/Class; (85 bytes) @ 0x00000001114ea8a4 [0x00000001114e9f00+0x9a4]
J 225 C1 java.lang.ClassLoader.loadClass(Ljava/lang/String;)Ljava/lang/Class; (7 bytes) @ 0x00000001114e9b44 [0x00000001114e9a40+0x104]
v  ~StubRoutines::call_stub
j  quorum.Libraries.Game.Graphics.MeshBuilder.End()Lquorum/Libraries/Game/Graphics/Mesh_;+28
j  quorum.Libraries.Game.Graphics.ModelBuilder.End()Lquorum/Libraries/Game/Graphics/ModelBlueprint_;+82
j  quorum.Libraries.Game.Graphics.ModelLoaders.ModelReader.ConstructWavefrontObject(Lquorum/Libraries/Containers/Array_;Lquorum/Libraries/Containers/Array_;Lquorum/Libraries/Containers/Array_;Lquorum/Libraries/Containers/Table_;Lquorum/Libraries/Containers/Array_;Lquorum/Libraries/Containers/Array_;Lquorum/Libraries/Containers/Array_;Lquorum/Libraries/System/File_;)Lquorum/Libraries/Game/Graphics/ModelBlueprint_;+1444
j  quorum.Libraries.Game.Graphics.ModelLoaders.ModelReader.ReadWavefrontObject(Lquorum/Libraries/System/File_;)Lquorum/Libraries/Game/Graphics/ModelBlueprint_;+410
j  quorum.Libraries.Game.Graphics.ModelLoaders.ModelReader.Read(Lquorum/Libraries/System/File_;)Lquorum/Libraries/Game/Graphics/ModelBlueprint_;+21
j  plugins.quorum.Libraries.Game.Graphics.Model.GetCachedBlueprint(Lquorum/Libraries/System/File_;)Lquorum/Libraries/Game/Graphics/ModelBlueprint_;+24
j  quorum.Libraries.Game.Graphics.Model.GetCachedBlueprint(Lquorum/Libraries/System/File_;)Lquorum/Libraries/Game/Graphics/ModelBlueprint_;+5
j  quorum.Libraries.Game.Graphics.Model.Load(Lquorum/Libraries/System/File_;)V+5
j  quorum.Libraries.Game.Graphics.Model.Load(Ljava/lang/String;)V+20
j  quorum.Main.CreateGame()V+148
j  quorum.Libraries.Game.DesktopApplication.MainLoop()V+26
j  quorum.Libraries.Game.DesktopApplication.Setup(Lquorum/Libraries/Game/Game_;)V+22
j  quorum.Libraries.Game.Game.StartGame()V+313
j  quorum.Main.StartGame()V+4
j  quorum.Main.Main()V+4
j  quorum.Main.main([Ljava/lang/String;)V+13
v  ~StubRoutines::call_stub

---------------  P R O C E S S  ---------------

Java Threads: ( => current thread )
  0x00007f9e33072800 JavaThread "AWT-Shutdown" [_thread_blocked, id=31539, stack(0x00007000012d6000,0x00007000013d6000)]
  0x00007f9e328a4000 JavaThread "AppKit Thread" daemon [_thread_in_native, id=2571, stack(0x00007fff4fb18000,0x00007fff50318000)]
  0x00007f9e33072000 JavaThread "Phonemic Consumer Thread" daemon [_thread_blocked, id=20495, stack(0x0000700000fc7000,0x00007000010c7000)]
  0x00007f9e33018800 JavaThread "Service Thread" daemon [_thread_blocked, id=18435, stack(0x0000700000dc1000,0x0000700000ec1000)]
  0x00007f9e33861800 JavaThread "C1 CompilerThread2" daemon [_thread_blocked, id=17923, stack(0x0000700000cbe000,0x0000700000dbe000)]
  0x00007f9e33860800 JavaThread "C2 CompilerThread1" daemon [_thread_blocked, id=17411, stack(0x0000700000bbb000,0x0000700000cbb000)]
  0x00007f9e3201d000 JavaThread "C2 CompilerThread0" daemon [_thread_blocked, id=16899, stack(0x0000700000ab8000,0x0000700000bb8000)]
  0x00007f9e3282b800 JavaThread "Signal Dispatcher" daemon [_thread_blocked, id=13839, stack(0x00007000009b5000,0x0000700000ab5000)]
  0x00007f9e32827800 JavaThread "Finalizer" daemon [_thread_blocked, id=12291, stack(0x000070000082f000,0x000070000092f000)]
  0x00007f9e3203e800 JavaThread "Reference Handler" daemon [_thread_blocked, id=11779, stack(0x000070000072c000,0x000070000082c000)]
=>0x00007f9e3200a800 JavaThread "main" [_thread_in_native, id=5891, stack(0x000070000011a000,0x000070000021a000)]

Other Threads:
  0x00007f9e3203e000 VMThread [stack: 0x0000700000629000,0x0000700000729000] [id=11267]
  0x00007f9e33001000 WatcherThread [stack: 0x0000700000ec4000,0x0000700000fc4000] [id=18947]

VM state:not at safepoint (normal execution)

VM Mutex/Monitor currently owned by a thread: None

Heap:
 PSYoungGen      total 344576K, used 270461K [0x00000007aab00000, 0x00000007c0000000, 0x00000007c0000000)
  eden space 340992K, 78% used [0x00000007aab00000,0x00000007bb0f8878,0x00000007bf800000)
  from space 3584K, 61% used [0x00000007bfc80000,0x00000007bfea6e40,0x00000007c0000000)
  to   space 4096K, 0% used [0x00000007bf800000,0x00000007bf800000,0x00000007bfc00000)
 ParOldGen       total 44032K, used 18441K [0x0000000780000000, 0x0000000782b00000, 0x00000007aab00000)
  object space 44032K, 41% used [0x0000000780000000,0x00000007812025e8,0x0000000782b00000)
 Metaspace       used 10456K, capacity 10581K, committed 10752K, reserved 1058816K
  class space    used 962K, capacity 1008K, committed 1024K, reserved 1048576K

Card table byte_map: [0x0000000120729000,0x000000012092a000] byte_map_base: 0x000000011cb29000

Marking Bits: (ParMarkBitMap*) 0x0000000110cc27a0
 Begin Bits: [0x0000000120a80000, 0x0000000121a80000)
 End Bits:   [0x0000000121a80000, 0x0000000122a80000)

Polling page: 0x000000010fbdd000

CodeCache: size=245760Kb used=3904Kb max_used=3904Kb free=241855Kb
 bounds [0x0000000111369000, 0x0000000111759000, 0x0000000120369000]
 total_blobs=1422 nmethods=957 adapters=379
 compilation: enabled

Compilation events (10 events):
Event: 4.141 Thread 0x00007f9e33860800 nmethod 962 0x00000001117059d0 code [0x0000000111705b20, 0x0000000111705bf8]
Event: 4.141 Thread 0x00007f9e33860800  963       4       quorum.Libraries.Game.Graphics.MeshBuilder::AddVertex (831 bytes)
Event: 4.142 Thread 0x00007f9e3201d000 nmethod 961 0x00000001117081d0 code [0x0000000111708340, 0x0000000111708578]
Event: 4.254 Thread 0x00007f9e3201d000  965       4       quorum.Libraries.Game.Graphics.MeshBuilder::AddVertex (1024 bytes)
Event: 4.462 Thread 0x00007f9e3201d000 nmethod 965 0x0000000111724490 code [0x0000000111724880, 0x0000000111727648]
Event: 4.462 Thread 0x00007f9e3201d000  964       4       quorum.Libraries.Game.BoundingBox::Set (237 bytes)
Event: 4.490 Thread 0x00007f9e3201d000 nmethod 964 0x0000000111722710 code [0x0000000111722900, 0x0000000111722f18]
Event: 4.500 Thread 0x00007f9e33860800 nmethod 963 0x0000000111731310 code [0x0000000111731860, 0x00000001117369c8]
Event: 5.597 Thread 0x00007f9e33861800  966       3       quorum.Libraries.Game.Graphics.MeshBuilder::AddVertex (1024 bytes)
Event: 5.614 Thread 0x00007f9e33861800 nmethod 966 0x000000011173ae10 code [0x000000011173b9e0, 0x0000000111742fa8]

GC Heap History (10 events):
Event: 5.165 GC heap before
{Heap before GC invocations=24 (full 0):
 PSYoungGen      total 341504K, used 340528K [0x00000007aab00000, 0x00000007bff00000, 0x00000007c0000000)
  eden space 339968K, 99% used [0x00000007aab00000,0x00000007bf65e138,0x00000007bf700000)
  from space 1536K, 78% used [0x00000007bf700000,0x00000007bf82dec8,0x00000007bf880000)
  to   space 4096K, 0% used [0x00000007bfb00000,0x00000007bfb00000,0x00000007bff00000)
 ParOldGen       total 44032K, used 16633K [0x0000000780000000, 0x0000000782b00000, 0x00000007aab00000)
  object space 44032K, 37% used [0x0000000780000000,0x000000078103e5e8,0x0000000782b00000)
 Metaspace       used 10456K, capacity 10581K, committed 10752K, reserved 1058816K
  class space    used 962K, capacity 1008K, committed 1024K, reserved 1048576K
Event: 5.167 GC heap after
Heap after GC invocations=24 (full 0):
 PSYoungGen      total 344064K, used 1237K [0x00000007aab00000, 0x00000007c0000000, 0x00000007c0000000)
  eden space 339968K, 0% used [0x00000007aab00000,0x00000007aab00000,0x00000007bf700000)
  from space 4096K, 30% used [0x00000007bfb00000,0x00000007bfc35410,0x00000007bff00000)
  to   space 4096K, 0% used [0x00000007bf700000,0x00000007bf700000,0x00000007bfb00000)
 ParOldGen       total 44032K, used 17017K [0x0000000780000000, 0x0000000782b00000, 0x00000007aab00000)
  object space 44032K, 38% used [0x0000000780000000,0x000000078109e5e8,0x0000000782b00000)
 Metaspace       used 10456K, capacity 10581K, committed 10752K, reserved 1058816K
  class space    used 962K, capacity 1008K, committed 1024K, reserved 1048576K
}
Event: 5.278 GC heap before
{Heap before GC invocations=25 (full 0):
 PSYoungGen      total 344064K, used 341205K [0x00000007aab00000, 0x00000007c0000000, 0x00000007c0000000)
  eden space 339968K, 100% used [0x00000007aab00000,0x00000007bf700000,0x00000007bf700000)
  from space 4096K, 30% used [0x00000007bfb00000,0x00000007bfc35410,0x00000007bff00000)
  to   space 4096K, 0% used [0x00000007bf700000,0x00000007bf700000,0x00000007bfb00000)
 ParOldGen       total 44032K, used 17017K [0x0000000780000000, 0x0000000782b00000, 0x00000007aab00000)
  object space 44032K, 38% used [0x0000000780000000,0x000000078109e5e8,0x0000000782b00000)
 Metaspace       used 10456K, capacity 10581K, committed 10752K, reserved 1058816K
  class space    used 962K, capacity 1008K, committed 1024K, reserved 1048576K
Event: 5.280 GC heap after
Heap after GC invocations=25 (full 0):
 PSYoungGen      total 344064K, used 855K [0x00000007aab00000, 0x00000007c0000000, 0x00000007c0000000)
  eden space 339968K, 0% used [0x00000007aab00000,0x00000007aab00000,0x00000007bf700000)
  from space 4096K, 20% used [0x00000007bf700000,0x00000007bf7d5fb0,0x00000007bfb00000)
  to   space 4096K, 0% used [0x00000007bfc00000,0x00000007bfc00000,0x00000007c0000000)
 ParOldGen       total 44032K, used 17385K [0x0000000780000000, 0x0000000782b00000, 0x00000007aab00000)
  object space 44032K, 39% used [0x0000000780000000,0x00000007810fa5e8,0x0000000782b00000)
 Metaspace       used 10456K, capacity 10581K, committed 10752K, reserved 1058816K
  class space    used 962K, capacity 1008K, committed 1024K, reserved 1048576K
}
Event: 5.383 GC heap before
{Heap before GC invocations=26 (full 0):
 PSYoungGen      total 344064K, used 340823K [0x00000007aab00000, 0x00000007c0000000, 0x00000007c0000000)
  eden space 339968K, 100% used [0x00000007aab00000,0x00000007bf700000,0x00000007bf700000)
  from space 4096K, 20% used [0x00000007bf700000,0x00000007bf7d5fb0,0x00000007bfb00000)
  to   space 4096K, 0% used [0x00000007bfc00000,0x00000007bfc00000,0x00000007c0000000)
 ParOldGen       total 44032K, used 17385K [0x0000000780000000, 0x0000000782b00000, 0x00000007aab00000)
  object space 44032K, 39% used [0x0000000780000000,0x00000007810fa5e8,0x0000000782b00000)
 Metaspace       used 10456K, capacity 10581K, committed 10752K, reserved 1058816K
  class space    used 962K, capacity 1008K, committed 1024K, reserved 1048576K
Event: 5.386 GC heap after
Heap after GC invocations=26 (full 0):
 PSYoungGen      total 344064K, used 1260K [0x00000007aab00000, 0x00000007bff00000, 0x00000007c0000000)
  eden space 340992K, 0% used [0x00000007aab00000,0x00000007aab00000,0x00000007bf800000)
  from space 3072K, 41% used [0x00000007bfc00000,0x00000007bfd3b380,0x00000007bff00000)
  to   space 3584K, 0% used [0x00000007bf800000,0x00000007bf800000,0x00000007bfb80000)
 ParOldGen       total 44032K, used 17753K [0x0000000780000000, 0x0000000782b00000, 0x00000007aab00000)
  object space 44032K, 40% used [0x0000000780000000,0x00000007811565e8,0x0000000782b00000)
 Metaspace       used 10456K, capacity 10581K, committed 10752K, reserved 1058816K
  class space    used 962K, capacity 1008K, committed 1024K, reserved 1048576K
}
Event: 5.487 GC heap before
{Heap before GC invocations=27 (full 0):
 PSYoungGen      total 344064K, used 342252K [0x00000007aab00000, 0x00000007bff00000, 0x00000007c0000000)
  eden space 340992K, 100% used [0x00000007aab00000,0x00000007bf800000,0x00000007bf800000)
  from space 3072K, 41% used [0x00000007bfc00000,0x00000007bfd3b380,0x00000007bff00000)
  to   space 3584K, 0% used [0x00000007bf800000,0x00000007bf800000,0x00000007bfb80000)
 ParOldGen       total 44032K, used 17753K [0x0000000780000000, 0x0000000782b00000, 0x00000007aab00000)
  object space 44032K, 40% used [0x0000000780000000,0x00000007811565e8,0x0000000782b00000)
 Metaspace       used 10456K, capacity 10581K, committed 10752K, reserved 1058816K
  class space    used 962K, capacity 1008K, committed 1024K, reserved 1048576K
Event: 5.491 GC heap after
Heap after GC invocations=27 (full 0):
 PSYoungGen      total 344576K, used 2122K [0x00000007aab00000, 0x00000007c0000000, 0x00000007c0000000)
  eden space 340992K, 0% used [0x00000007aab00000,0x00000007aab00000,0x00000007bf800000)
  from space 3584K, 59% used [0x00000007bf800000,0x00000007bfa12a38,0x00000007bfb80000)
  to   space 3584K, 0% used [0x00000007bfc80000,0x00000007bfc80000,0x00000007c0000000)
 ParOldGen       total 44032K, used 18105K [0x0000000780000000, 0x0000000782b00000, 0x00000007aab00000)
  object space 44032K, 41% used [0x0000000780000000,0x00000007811ae5e8,0x0000000782b00000)
 Metaspace       used 10456K, capacity 10581K, committed 10752K, reserved 1058816K
  class space    used 962K, capacity 1008K, committed 1024K, reserved 1048576K
}
Event: 5.616 GC heap before
{Heap before GC invocations=28 (full 0):
 PSYoungGen      total 344576K, used 342746K [0x00000007aab00000, 0x00000007c0000000, 0x00000007c0000000)
  eden space 340992K, 99% used [0x00000007aab00000,0x00000007bf7a4090,0x00000007bf800000)
  from space 3584K, 59% used [0x00000007bf800000,0x00000007bfa12a38,0x00000007bfb80000)
  to   space 3584K, 0% used [0x00000007bfc80000,0x00000007bfc80000,0x00000007c0000000)
 ParOldGen       total 44032K, used 18105K [0x0000000780000000, 0x0000000782b00000, 0x00000007aab00000)
  object space 44032K, 41% used [0x0000000780000000,0x00000007811ae5e8,0x0000000782b00000)
 Metaspace       used 10456K, capacity 10581K, committed 10752K, reserved 1058816K
  class space    used 962K, capacity 1008K, committed 1024K, reserved 1048576K
Event: 5.620 GC heap after
Heap after GC invocations=28 (full 0):
 PSYoungGen      total 344576K, used 2203K [0x00000007aab00000, 0x00000007c0000000, 0x00000007c0000000)
  eden space 340992K, 0% used [0x00000007aab00000,0x00000007aab00000,0x00000007bf800000)
  from space 3584K, 61% used [0x00000007bfc80000,0x00000007bfea6e40,0x00000007c0000000)
  to   space 4096K, 0% used [0x00000007bf800000,0x00000007bf800000,0x00000007bfc00000)
 ParOldGen       total 44032K, used 18441K [0x0000000780000000, 0x0000000782b00000, 0x00000007aab00000)
  object space 44032K, 41% used [0x0000000780000000,0x00000007812025e8,0x0000000782b00000)
 Metaspace       used 10456K, capacity 10581K, committed 10752K, reserved 1058816K
  class space    used 962K, capacity 1008K, committed 1024K, reserved 1048576K
}

Deoptimization events (10 events):
Event: 0.792 Thread 0x00007f9e328a4000 Uncommon trap: reason=unstable_if action=reinterpret pc=0x00000001114fd9f8 method=java.util.HashMap.getNode(ILjava/lang/Object;)Ljava/util/HashMap$Node; @ 116
Event: 1.558 Thread 0x00007f9e3200a800 Uncommon trap: reason=unstable_if action=reinterpret pc=0x00000001116281a0 method=java.io.BufferedReader.readLine(Z)Ljava/lang/String; @ 137
Event: 1.734 Thread 0x00007f9e3200a800 Uncommon trap: reason=unstable_if action=reinterpret pc=0x00000001116292c8 method=sun.misc.FloatingDecimal$ASCIIToBinaryBuffer.doubleValue()D @ 121
Event: 1.773 Thread 0x00007f9e3200a800 Uncommon trap: reason=unstable_if action=reinterpret pc=0x0000000111635054 method=sun.misc.FloatingDecimal.readJavaFormatString(Ljava/lang/String;)Lsun/misc/FloatingDecimal$ASCIIToBinaryConverter; @ 235
Event: 2.253 Thread 0x00007f9e3200a800 Uncommon trap: reason=class_check action=maybe_recompile pc=0x000000011163367c method=plugins.quorum.Libraries.Containers.Array.GetNative(I)Lquorum/Libraries/Language/Object_; @ 8
Event: 2.265 Thread 0x00007f9e3200a800 Uncommon trap: reason=null_check action=make_not_entrant pc=0x0000000111633710 method=plugins.quorum.Libraries.Containers.Array.GetNative(I)Lquorum/Libraries/Language/Object_; @ 8
Event: 2.297 Thread 0x00007f9e3309e000 Uncommon trap: reason=unstable_if action=reinterpret pc=0x000000011166e4f4 method=java.util.Hashtable.get(Ljava/lang/Object;)Ljava/lang/Object; @ 27
Event: 2.298 Thread 0x00007f9e3309e000 Uncommon trap: reason=unstable_if action=reinterpret pc=0x0000000111671840 method=java.util.Hashtable.get(Ljava/lang/Object;)Ljava/lang/Object; @ 27
Event: 3.878 Thread 0x00007f9e3200a800 Uncommon trap: reason=unstable_if action=reinterpret pc=0x000000011170b978 method=quorum.Libraries.Game.BoundingBox.Extend(DDD)V @ 154
Event: 5.581 Thread 0x00007f9e3200a800 Uncommon trap: reason=unstable_if action=reinterpret pc=0x0000000111726fc4 method=quorum.Libraries.Game.BoundingBox.Extend(DDD)V @ 70

Internal exceptions (10 events):
Event: 0.517 Thread 0x00007f9e3200a800 Exception <a 'java/security/PrivilegedActionException'> (0x00000007ab3e80d0) thrown at [/Users/java_re/workspace/8-2-build-macosx-x86_64/jdk8u51/3951/hotspot/src/share/vm/prims/jvm.cpp, line 1382]
Event: 0.517 Thread 0x00007f9e3200a800 Exception <a 'java/security/PrivilegedActionException'> (0x00000007ab3e8418) thrown at [/Users/java_re/workspace/8-2-build-macosx-x86_64/jdk8u51/3951/hotspot/src/share/vm/prims/jvm.cpp, line 1382]
Event: 0.518 Thread 0x00007f9e3200a800 Exception <a 'java/security/PrivilegedActionException'> (0x00000007ab3eb798) thrown at [/Users/java_re/workspace/8-2-build-macosx-x86_64/jdk8u51/3951/hotspot/src/share/vm/prims/jvm.cpp, line 1382]
Event: 0.518 Thread 0x00007f9e3200a800 Exception <a 'java/security/PrivilegedActionException'> (0x00000007ab3ebae0) thrown at [/Users/java_re/workspace/8-2-build-macosx-x86_64/jdk8u51/3951/hotspot/src/share/vm/prims/jvm.cpp, line 1382]
Event: 0.703 Thread 0x00007f9e3200a800 Exception <a 'java/io/FileNotFoundException'> (0x00000007ab3f0bd0) thrown at [/Users/java_re/workspace/8-2-build-macosx-x86_64/jdk8u51/3951/hotspot/src/share/vm/prims/jni.cpp, line 709]
Event: 0.703 Thread 0x00007f9e3200a800 Exception <a 'java/io/FileNotFoundException'> (0x00000007ab3f16c0) thrown at [/Users/java_re/workspace/8-2-build-macosx-x86_64/jdk8u51/3951/hotspot/src/share/vm/prims/jni.cpp, line 709]
Event: 0.718 Thread 0x00007f9e3200a800 Exception <a 'java/lang/UnsatisfiedLinkError'> (0x00000007ab405ec0) thrown at [/Users/java_re/workspace/8-2-build-macosx-x86_64/jdk8u51/3951/hotspot/src/share/vm/prims/jvm.cpp, line 1386]
Event: 0.777 Thread 0x00007f9e328a4000 Exception <a 'java/lang/NoSuchFieldError': method resolution failed> (0x00000007ab553d00) thrown at [/Users/java_re/workspace/8-2-build-macosx-x86_64/jdk8u51/3951/hotspot/src/share/vm/prims/methodHandles.cpp, line 1125]
Event: 0.781 Thread 0x00007f9e328a4000 Exception <a 'java/lang/NoSuchFieldError': method resolution failed> (0x00000007ab562370) thrown at [/Users/java_re/workspace/8-2-build-macosx-x86_64/jdk8u51/3951/hotspot/src/share/vm/prims/methodHandles.cpp, line 1125]
Event: 2.265 Thread 0x00007f9e3200a800 Implicit null exception at 0x0000000111633312 to 0x0000000111633705

Events (10 events):
Event: 5.581 Thread 0x00007f9e3200a800 Uncommon trap: trap_request=0xffffff65 fr.pc=0x0000000111726fc4
Event: 5.581 Thread 0x00007f9e3200a800 DEOPT PACKING pc=0x0000000111726fc4 sp=0x0000700000218e30
Event: 5.581 Thread 0x00007f9e3200a800 DEOPT UNPACKING pc=0x000000011136e229 sp=0x0000700000218d78 mode 2
Event: 5.616 Executing VM operation: ParallelGCFailedAllocation
Event: 5.620 Executing VM operation: ParallelGCFailedAllocation done
Event: 5.620 Executing VM operation: RevokeBias
Event: 5.621 Executing VM operation: RevokeBias done
Event: 5.652 Thread 0x00007f9e33072800 Thread added: 0x00007f9e33072800
Event: 5.701 loading class quorum/Libraries/Game/Graphics/Mesh
Event: 5.701 loading class quorum/Libraries/Game/Graphics/Mesh done


Dynamic libraries:
0x00000000096b0000 	/System/Library/Frameworks/Cocoa.framework/Versions/A/Cocoa
0x00000000096b0000 	/System/Library/Frameworks/Security.framework/Versions/A/Security
0x00000000096b0000 	/System/Library/Frameworks/ApplicationServices.framework/Versions/A/ApplicationServices
0x00000000096b0000 	/usr/lib/libz.1.dylib
0x00000000096b0000 	/usr/lib/libSystem.B.dylib
0x00000000096b0000 	/usr/lib/libobjc.A.dylib
0x00000000096b0000 	/System/Library/Frameworks/CoreFoundation.framework/Versions/A/CoreFoundation
0x00000000096b0000 	/System/Library/Frameworks/Foundation.framework/Versions/C/Foundation
0x00000000096b0000 	/System/Library/Frameworks/AppKit.framework/Versions/C/AppKit
0x00000000096b0000 	/System/Library/Frameworks/CoreData.framework/Versions/A/CoreData
0x00000000096b0000 	/System/Library/PrivateFrameworks/RemoteViewServices.framework/Versions/A/RemoteViewServices
0x00000000096b0000 	/System/Library/PrivateFrameworks/UIFoundation.framework/Versions/A/UIFoundation
0x00000000096b0000 	/usr/lib/libScreenReader.dylib
0x00000000096b0000 	/System/Library/Frameworks/Accelerate.framework/Versions/A/Accelerate
0x00000000096b0000 	/System/Library/Frameworks/IOSurface.framework/Versions/A/IOSurface
0x00000000096b0000 	/System/Library/Frameworks/AudioToolbox.framework/Versions/A/AudioToolbox
0x00000000096b0000 	/System/Library/Frameworks/AudioUnit.framework/Versions/A/AudioUnit
0x00000000096b0000 	/System/Library/PrivateFrameworks/DataDetectorsCore.framework/Versions/A/DataDetectorsCore
0x00000000096b0000 	/System/Library/PrivateFrameworks/DesktopServicesPriv.framework/Versions/A/DesktopServicesPriv
0x00000000096b0000 	/System/Library/Frameworks/Carbon.framework/Versions/A/Frameworks/HIToolbox.framework/Versions/A/HIToolbox
0x00000000096b0000 	/System/Library/Frameworks/QuartzCore.framework/Versions/A/QuartzCore
0x00000000096b0000 	/System/Library/Frameworks/Carbon.framework/Versions/A/Frameworks/SpeechRecognition.framework/Versions/A/SpeechRecognition
0x00000000096b0000 	/usr/lib/libauto.dylib
0x00000000096b0000 	/usr/lib/libicucore.A.dylib
0x00000000096b0000 	/usr/lib/libxml2.2.dylib
0x00000000096b0000 	/System/Library/PrivateFrameworks/CoreUI.framework/Versions/A/CoreUI
0x00000000096b0000 	/System/Library/Frameworks/CoreAudio.framework/Versions/A/CoreAudio
0x00000000096b0000 	/System/Library/Frameworks/DiskArbitration.framework/Versions/A/DiskArbitration
0x00000000096b0000 	/usr/lib/liblangid.dylib
0x00000000096b0000 	/System/Library/PrivateFrameworks/MultitouchSupport.framework/Versions/A/MultitouchSupport
0x00000000096b0000 	/System/Library/Frameworks/IOKit.framework/Versions/A/IOKit
0x00000000096b0000 	/usr/lib/libDiagnosticMessagesClient.dylib
0x00000000096b0000 	/System/Library/Frameworks/CoreServices.framework/Versions/A/CoreServices
0x00000000096b0000 	/System/Library/PrivateFrameworks/PerformanceAnalysis.framework/Versions/A/PerformanceAnalysis
0x00000000096b0000 	/System/Library/PrivateFrameworks/GenerationalStorage.framework/Versions/A/GenerationalStorage
0x00000000096b0000 	/System/Library/Frameworks/OpenGL.framework/Versions/A/OpenGL
0x00000000096b0000 	/System/Library/PrivateFrameworks/Sharing.framework/Versions/A/Sharing
0x00000000096b0000 	/System/Library/Frameworks/CoreGraphics.framework/Versions/A/CoreGraphics
0x00000000096b0000 	/System/Library/Frameworks/CoreImage.framework/Versions/A/CoreImage
0x00000000096b0000 	/System/Library/Frameworks/CoreText.framework/Versions/A/CoreText
0x00000000096b0000 	/System/Library/Frameworks/ImageIO.framework/Versions/A/ImageIO
0x00000000096b0000 	/System/Library/PrivateFrameworks/Backup.framework/Versions/A/Backup
0x00000000096b0000 	/usr/lib/libextension.dylib
0x00000000096b0000 	/usr/lib/libarchive.2.dylib
0x00000000096b0000 	/System/Library/Frameworks/CFNetwork.framework/Versions/A/CFNetwork
0x00000000096b0000 	/System/Library/Frameworks/SystemConfiguration.framework/Versions/A/SystemConfiguration
0x00000000096b0000 	/usr/lib/libCRFSuite.dylib
0x00000000096b0000 	/usr/lib/libc++.1.dylib
0x00000000096b0000 	/usr/lib/libc++abi.dylib
0x00000000096b0000 	/usr/lib/system/libcache.dylib
0x00000000096b0000 	/usr/lib/system/libcommonCrypto.dylib
0x00000000096b0000 	/usr/lib/system/libcompiler_rt.dylib
0x00000000096b0000 	/usr/lib/system/libcopyfile.dylib
0x00000000096b0000 	/usr/lib/system/libcorecrypto.dylib
0x00000000096b0000 	/usr/lib/system/libdispatch.dylib
0x00000000096b0000 	/usr/lib/system/libdyld.dylib
0x00000000096b0000 	/usr/lib/system/libkeymgr.dylib
0x00000000096b0000 	/usr/lib/system/liblaunch.dylib
0x00000000096b0000 	/usr/lib/system/libmacho.dylib
0x00000000096b0000 	/usr/lib/system/libquarantine.dylib
0x00000000096b0000 	/usr/lib/system/libremovefile.dylib
0x00000000096b0000 	/usr/lib/system/libsystem_asl.dylib
0x00000000096b0000 	/usr/lib/system/libsystem_blocks.dylib
0x00000000096b0000 	/usr/lib/system/libsystem_c.dylib
0x00000000096b0000 	/usr/lib/system/libsystem_configuration.dylib
0x00000000096b0000 	/usr/lib/system/libsystem_coreservices.dylib
0x00000000096b0000 	/usr/lib/system/libsystem_coretls.dylib
0x00000000096b0000 	/usr/lib/system/libsystem_dnssd.dylib
0x00000000096b0000 	/usr/lib/system/libsystem_info.dylib
0x00000000096b0000 	/usr/lib/system/libsystem_kernel.dylib
0x00000000096b0000 	/usr/lib/system/libsystem_m.dylib
0x00000000096b0000 	/usr/lib/system/libsystem_malloc.dylib
0x00000000096b0000 	/usr/lib/system/libsystem_network.dylib
0x00000000096b0000 	/usr/lib/system/libsystem_networkextension.dylib
0x00000000096b0000 	/usr/lib/system/libsystem_notify.dylib
0x00000000096b0000 	/usr/lib/system/libsystem_platform.dylib
0x00000000096b0000 	/usr/lib/system/libsystem_pthread.dylib
0x00000000096b0000 	/usr/lib/system/libsystem_sandbox.dylib
0x00000000096b0000 	/usr/lib/system/libsystem_secinit.dylib
0x00000000096b0000 	/usr/lib/system/libsystem_trace.dylib
0x00000000096b0000 	/usr/lib/system/libunc.dylib
0x00000000096b0000 	/usr/lib/system/libunwind.dylib
0x00000000096b0000 	/usr/lib/system/libxpc.dylib
0x00000000096b0000 	/usr/lib/libenergytrace.dylib
0x00000000096b0000 	/usr/lib/libbsm.0.dylib
0x00000000096b0000 	/usr/lib/system/libkxld.dylib
0x00000000096b0000 	/usr/lib/libxar.1.dylib
0x00000000096b0000 	/usr/lib/libsqlite3.dylib
0x00000000096b0000 	/usr/lib/libpam.2.dylib
0x00000000096b0000 	/usr/lib/libOpenScriptingUtil.dylib
0x00000000096b0000 	/usr/lib/libbz2.1.0.dylib
0x00000000096b0000 	/usr/lib/liblzma.5.dylib
0x00000000096b0000 	/System/Library/Frameworks/CoreServices.framework/Versions/A/Frameworks/FSEvents.framework/Versions/A/FSEvents
0x00000000096b0000 	/System/Library/Frameworks/CoreServices.framework/Versions/A/Frameworks/CarbonCore.framework/Versions/A/CarbonCore
0x00000000096b0000 	/System/Library/Frameworks/CoreServices.framework/Versions/A/Frameworks/Metadata.framework/Versions/A/Metadata
0x00000000096b0000 	/System/Library/Frameworks/CoreServices.framework/Versions/A/Frameworks/OSServices.framework/Versions/A/OSServices
0x00000000096b0000 	/System/Library/Frameworks/CoreServices.framework/Versions/A/Frameworks/SearchKit.framework/Versions/A/SearchKit
0x00000000096b0000 	/System/Library/Frameworks/CoreServices.framework/Versions/A/Frameworks/AE.framework/Versions/A/AE
0x00000000096b0000 	/System/Library/Frameworks/CoreServices.framework/Versions/A/Frameworks/LaunchServices.framework/Versions/A/LaunchServices
0x00000000096b0000 	/System/Library/Frameworks/CoreServices.framework/Versions/A/Frameworks/DictionaryServices.framework/Versions/A/DictionaryServices
0x00000000096b0000 	/System/Library/Frameworks/CoreServices.framework/Versions/A/Frameworks/SharedFileList.framework/Versions/A/SharedFileList
0x00000000096b0000 	/System/Library/Frameworks/NetFS.framework/Versions/A/NetFS
0x00000000096b0000 	/System/Library/PrivateFrameworks/NetAuth.framework/Versions/A/NetAuth
0x00000000096b0000 	/System/Library/PrivateFrameworks/login.framework/Versions/A/Frameworks/loginsupport.framework/Versions/A/loginsupport
0x00000000096b0000 	/System/Library/PrivateFrameworks/TCC.framework/Versions/A/TCC
0x00000000096b0000 	/usr/lib/libmecabra.dylib
0x00000000096b0000 	/System/Library/Frameworks/ApplicationServices.framework/Versions/A/Frameworks/ATS.framework/Versions/A/ATS
0x00000000096b0000 	/System/Library/Frameworks/ApplicationServices.framework/Versions/A/Frameworks/ColorSync.framework/Versions/A/ColorSync
0x00000000096b0000 	/System/Library/Frameworks/ApplicationServices.framework/Versions/A/Frameworks/HIServices.framework/Versions/A/HIServices
0x00000000096b0000 	/System/Library/Frameworks/ApplicationServices.framework/Versions/A/Frameworks/LangAnalysis.framework/Versions/A/LangAnalysis
0x00000000096b0000 	/System/Library/Frameworks/ApplicationServices.framework/Versions/A/Frameworks/PrintCore.framework/Versions/A/PrintCore
0x00000000096b0000 	/System/Library/Frameworks/ApplicationServices.framework/Versions/A/Frameworks/QD.framework/Versions/A/QD
0x00000000096b0000 	/System/Library/Frameworks/ApplicationServices.framework/Versions/A/Frameworks/SpeechSynthesis.framework/Versions/A/SpeechSynthesis
0x00000000096b0000 	/System/Library/Frameworks/Metal.framework/Versions/A/Metal
0x00000000096b0000 	/System/Library/Frameworks/Accelerate.framework/Versions/A/Frameworks/vImage.framework/Versions/A/vImage
0x00000000096b0000 	/System/Library/Frameworks/Accelerate.framework/Versions/A/Frameworks/vecLib.framework/Versions/A/vecLib
0x00000000096b0000 	/System/Library/Frameworks/Accelerate.framework/Versions/A/Frameworks/vecLib.framework/Versions/A/libvDSP.dylib
0x00000000096b0000 	/System/Library/Frameworks/Accelerate.framework/Versions/A/Frameworks/vecLib.framework/Versions/A/libvMisc.dylib
0x00000000096b0000 	/System/Library/Frameworks/Accelerate.framework/Versions/A/Frameworks/vecLib.framework/Versions/A/libLAPACK.dylib
0x00000000096b0000 	/System/Library/Frameworks/Accelerate.framework/Versions/A/Frameworks/vecLib.framework/Versions/A/libBLAS.dylib
0x00000000096b0000 	/System/Library/Frameworks/Accelerate.framework/Versions/A/Frameworks/vecLib.framework/Versions/A/libLinearAlgebra.dylib
0x00000000096b0000 	/System/Library/Frameworks/Accelerate.framework/Versions/A/Frameworks/vecLib.framework/Versions/A/libSparseBLAS.dylib
0x00000000096b0000 	/System/Library/PrivateFrameworks/GPUCompiler.framework/libmetal_timestamp.dylib
0x00000000096b0000 	/System/Library/Frameworks/OpenGL.framework/Versions/A/Libraries/libCoreFSCache.dylib
0x00000000096b0000 	/System/Library/PrivateFrameworks/IOAccelerator.framework/Versions/A/IOAccelerator
0x00000000096b0000 	/System/Library/Frameworks/ApplicationServices.framework/Versions/A/Frameworks/ATS.framework/Versions/A/Resources/libFontParser.dylib
0x00000000096b0000 	/System/Library/Frameworks/ApplicationServices.framework/Versions/A/Frameworks/ATS.framework/Versions/A/Resources/libFontRegistry.dylib
0x00000000096b0000 	/System/Library/PrivateFrameworks/AppleVPA.framework/Versions/A/AppleVPA
0x00000000096b0000 	/System/Library/PrivateFrameworks/AppleJPEG.framework/Versions/A/AppleJPEG
0x00000000096b0000 	/System/Library/Frameworks/ImageIO.framework/Versions/A/Resources/libJPEG.dylib
0x00000000096b0000 	/System/Library/Frameworks/ImageIO.framework/Versions/A/Resources/libTIFF.dylib
0x00000000096b0000 	/System/Library/Frameworks/ImageIO.framework/Versions/A/Resources/libPng.dylib
0x00000000096b0000 	/System/Library/Frameworks/ImageIO.framework/Versions/A/Resources/libGIF.dylib
0x00000000096b0000 	/System/Library/Frameworks/ImageIO.framework/Versions/A/Resources/libJP2.dylib
0x00000000096b0000 	/System/Library/Frameworks/ImageIO.framework/Versions/A/Resources/libRadiance.dylib
0x00000000096b0000 	/System/Library/Frameworks/CoreVideo.framework/Versions/A/CoreVideo
0x00000000096b0000 	/System/Library/Frameworks/OpenGL.framework/Versions/A/Libraries/libGLU.dylib
0x00000000096b0000 	/System/Library/Frameworks/OpenGL.framework/Versions/A/Libraries/libGFXShared.dylib
0x00000000096b0000 	/System/Library/Frameworks/OpenGL.framework/Versions/A/Libraries/libGL.dylib
0x00000000096b0000 	/System/Library/Frameworks/OpenGL.framework/Versions/A/Libraries/libGLImage.dylib
0x00000000096b0000 	/System/Library/Frameworks/OpenGL.framework/Versions/A/Libraries/libCVMSPluginSupport.dylib
0x00000000096b0000 	/System/Library/Frameworks/OpenGL.framework/Versions/A/Libraries/libCoreVMClient.dylib
0x00000000096b0000 	/usr/lib/libcups.2.dylib
0x00000000096b0000 	/System/Library/Frameworks/Kerberos.framework/Versions/A/Kerberos
0x00000000096b0000 	/System/Library/Frameworks/GSS.framework/Versions/A/GSS
0x00000000096b0000 	/usr/lib/libresolv.9.dylib
0x00000000096b0000 	/usr/lib/libiconv.2.dylib
0x00000000096b0000 	/System/Library/PrivateFrameworks/Heimdal.framework/Versions/A/Heimdal
0x00000000096b0000 	/usr/lib/libheimdal-asn1.dylib
0x00000000096b0000 	/System/Library/Frameworks/OpenDirectory.framework/Versions/A/OpenDirectory
0x00000000096b0000 	/System/Library/PrivateFrameworks/CommonAuth.framework/Versions/A/CommonAuth
0x00000000096b0000 	/System/Library/Frameworks/OpenDirectory.framework/Versions/A/Frameworks/CFOpenDirectory.framework/Versions/A/CFOpenDirectory
0x00000000096b0000 	/System/Library/Frameworks/SecurityFoundation.framework/Versions/A/SecurityFoundation
0x00000000096b0000 	/System/Library/PrivateFrameworks/LanguageModeling.framework/Versions/A/LanguageModeling
0x00000000096b0000 	/usr/lib/libmarisa.dylib
0x00000000096b0000 	/usr/lib/libChineseTokenizer.dylib
0x00000000096b0000 	/usr/lib/libcmph.dylib
0x00000000096b0000 	/usr/lib/libcompression.dylib
0x00000000096b0000 	/System/Library/Frameworks/ServiceManagement.framework/Versions/A/ServiceManagement
0x00000000096b0000 	/usr/lib/libxslt.1.dylib
0x00000000096b0000 	/System/Library/Frameworks/Carbon.framework/Versions/A/Frameworks/Ink.framework/Versions/A/Ink
0x00000000096b0000 	/usr/lib/libFosl_dynamic.dylib
0x00000000096b0000 	/System/Library/PrivateFrameworks/FaceCore.framework/Versions/A/FaceCore
0x00000000096b0000 	/System/Library/Frameworks/OpenCL.framework/Versions/A/OpenCL
0x00000000096b0000 	/System/Library/PrivateFrameworks/CrashReporterSupport.framework/Versions/A/CrashReporterSupport
0x00000000096b0000 	/System/Library/PrivateFrameworks/IconServices.framework/Versions/A/IconServices
0x00000000096b0000 	/System/Library/PrivateFrameworks/Apple80211.framework/Versions/A/Apple80211
0x00000000096b0000 	/System/Library/Frameworks/CoreWLAN.framework/Versions/A/CoreWLAN
0x00000000096b0000 	/System/Library/Frameworks/IOBluetooth.framework/Versions/A/IOBluetooth
0x00000000096b0000 	/System/Library/PrivateFrameworks/CoreWiFi.framework/Versions/A/CoreWiFi
0x00000000096b0000 	/System/Library/Frameworks/CoreBluetooth.framework/Versions/A/CoreBluetooth
0x00000000096b0000 	/System/Library/PrivateFrameworks/ChunkingLibrary.framework/Versions/A/ChunkingLibrary
0x00000000096b0000 	/System/Library/PrivateFrameworks/DebugSymbols.framework/Versions/A/DebugSymbols
0x00000000096b0000 	/System/Library/PrivateFrameworks/CoreSymbolication.framework/Versions/A/CoreSymbolication
0x00000000096b0000 	/System/Library/PrivateFrameworks/Symbolication.framework/Versions/A/Symbolication
0x00000000096b0000 	/System/Library/PrivateFrameworks/SpeechRecognitionCore.framework/Versions/A/SpeechRecognitionCore
0x0000000110400000 	/Library/Java/JavaVirtualMachines/jdk1.8.0_51.jdk/Contents/Home/jre/lib/server/libjvm.dylib
0x00000000096b0000 	/usr/lib/libstdc++.6.dylib
0x000000010fb9a000 	/Library/Java/JavaVirtualMachines/jdk1.8.0_51.jdk/Contents/Home/jre/lib/libverify.dylib
0x000000010fba8000 	/Library/Java/JavaVirtualMachines/jdk1.8.0_51.jdk/Contents/Home/jre/lib/libjava.dylib
0x000000010fbe7000 	/Library/Java/JavaVirtualMachines/jdk1.8.0_51.jdk/Contents/Home/jre/lib/libzip.dylib
0x000000012473b000 	/System/Library/Frameworks/JavaVM.framework/Frameworks/JavaRuntimeSupport.framework/JavaRuntimeSupport
0x0000000124756000 	/System/Library/Frameworks/JavaVM.framework/Versions/A/Frameworks/JavaNativeFoundation.framework/Versions/A/JavaNativeFoundation
0x000000010fbf0000 	/System/Library/Frameworks/JavaVM.framework/Versions/A/JavaVM
0x00000000096b0000 	/System/Library/Frameworks/Carbon.framework/Versions/A/Carbon
0x000000012476b000 	/System/Library/PrivateFrameworks/JavaLaunching.framework/Versions/A/JavaLaunching
0x00000000096b0000 	/System/Library/Frameworks/Carbon.framework/Versions/A/Frameworks/CommonPanels.framework/Versions/A/CommonPanels
0x00000000096b0000 	/System/Library/Frameworks/Carbon.framework/Versions/A/Frameworks/Help.framework/Versions/A/Help
0x00000000096b0000 	/System/Library/Frameworks/Carbon.framework/Versions/A/Frameworks/ImageCapture.framework/Versions/A/ImageCapture
0x00000000096b0000 	/System/Library/Frameworks/Carbon.framework/Versions/A/Frameworks/OpenScripting.framework/Versions/A/OpenScripting
0x00000000096b0000 	/System/Library/Frameworks/Carbon.framework/Versions/A/Frameworks/Print.framework/Versions/A/Print
0x00000000096b0000 	/System/Library/Frameworks/Carbon.framework/Versions/A/Frameworks/SecurityHI.framework/Versions/A/SecurityHI
0x00000001260dd000 	/Users/WCBVI/NetBeansProjects/EPIQ16-PokeSplat/PokeSplat/Run/jni/libGameEngineCPlugins.so
0x000000012612d000 	/Users/WCBVI/NetBeansProjects/EPIQ16-PokeSplat/PokeSplat/Run/jni/libfreetype.dylib
0x0000000127810000 	/Library/Java/JavaVirtualMachines/jdk1.8.0_51.jdk/Contents/Home/jre/lib/libnet.dylib
0x000000012787d000 	/Library/Java/JavaVirtualMachines/jdk1.8.0_51.jdk/Contents/Home/jre/lib/libawt.dylib
0x0000000127925000 	/Library/Java/JavaVirtualMachines/jdk1.8.0_51.jdk/Contents/Home/jre/lib/./libmlib_image.dylib
0x00000001279f1000 	/Library/Java/JavaVirtualMachines/jdk1.8.0_51.jdk/Contents/Home/jre/lib/libawt_lwawt.dylib
0x0000000127aa5000 	/Library/Java/JavaVirtualMachines/jdk1.8.0_51.jdk/Contents/Home/jre/lib/./libosxapp.dylib
0x00000000096b0000 	/System/Library/Frameworks/ExceptionHandling.framework/Versions/A/ExceptionHandling
0x00000000096b0000 	/System/Library/PrivateFrameworks/CoreServicesInternal.framework/Versions/A/CoreServicesInternal
0x00000000096b0000 	/System/Library/Frameworks/CoreGraphics.framework/Versions/A/Resources/libRIP.A.dylib
0x00000000096b0000 	/System/Library/Frameworks/Accelerate.framework/Versions/A/Frameworks/vImage.framework/Versions/A/Libraries/libCGInterfaces.dylib
0x00000000096b0000 	/System/Library/Frameworks/CoreGraphics.framework/Versions/A/Resources/libCGXType.A.dylib
0x00000000096b0000 	/System/Library/Frameworks/OpenCL.framework/Versions/A/Libraries/libcldcpuengine.dylib
0x00000000096b0000 	/System/Library/PrivateFrameworks/DiskImages.framework/Versions/A/DiskImages
0x00000000096b0000 	/System/Library/Frameworks/DiscRecording.framework/Versions/A/DiscRecording
0x00000000096b0000 	/usr/lib/libcsfde.dylib
0x00000000096b0000 	/usr/lib/libcurl.4.dylib
0x00000000096b0000 	/System/Library/PrivateFrameworks/MediaKit.framework/Versions/A/MediaKit
0x00000000096b0000 	/System/Library/PrivateFrameworks/ProtectedCloudStorage.framework/Versions/A/ProtectedCloudStorage
0x00000000096b0000 	/usr/lib/libCoreStorage.dylib
0x00000000096b0000 	/System/Library/PrivateFrameworks/EFILogin.framework/Versions/A/EFILogin
0x00000000096b0000 	/usr/lib/libutil.dylib
0x00000000096b0000 	/System/Library/PrivateFrameworks/FindMyDevice.framework/Versions/A/FindMyDevice
0x00000000096b0000 	/System/Library/Frameworks/LDAP.framework/Versions/A/LDAP
0x00000000096b0000 	/usr/lib/libsasl2.2.dylib
0x00000000096b0000 	/System/Library/PrivateFrameworks/CoreDaemon.framework/Versions/B/CoreDaemon
0x00000000096b0000 	/usr/lib/libcrypto.0.9.8.dylib
0x00000000096b0000 	/System/Library/PrivateFrameworks/AppleSRP.framework/Versions/A/AppleSRP
0x00000000096b0000 	/System/Library/PrivateFrameworks/TrustEvaluationAgent.framework/Versions/A/TrustEvaluationAgent
0x00000001297ba000 	cl_kernels
0x00000000096b0000 	/System/Library/Frameworks/OpenCL.framework/Versions/A/Libraries/ImageFormats/unorm8_bgra.dylib
0x00000000096b0000 	/System/Library/Frameworks/OpenCL.framework/Versions/A/Libraries/ImageFormats/unorm8_rgba.dylib
0x00000000096b0000 	/System/Library/PrivateFrameworks/FamilyControls.framework/Versions/A/FamilyControls
0x00000000096b0000 	/System/Library/PrivateFrameworks/CommerceKit.framework/Versions/A/Frameworks/CommerceCore.framework/Versions/A/CommerceCore
0x00000000096b0000 	/System/Library/PrivateFrameworks/SystemAdministration.framework/Versions/A/SystemAdministration
0x00000000096b0000 	/System/Library/PrivateFrameworks/AppContainer.framework/Versions/A/AppContainer
0x00000000096b0000 	/System/Library/PrivateFrameworks/SecCodeWrapper.framework/Versions/A/SecCodeWrapper
0x00000000096b0000 	/System/Library/Frameworks/DirectoryService.framework/Versions/A/DirectoryService
0x00000000096b0000 	/System/Library/PrivateFrameworks/LoginUIKit.framework/Versions/A/Frameworks/LoginUICore.framework/Versions/A/LoginUICore
0x00000000096b0000 	/usr/lib/libodfde.dylib
0x000000012ad02000 	/Library/Java/JavaVirtualMachines/jdk1.8.0_51.jdk/Contents/Home/jre/lib/libfontmanager.dylib
0x000000012ad73000 	/Users/WCBVI/NetBeansProjects/EPIQ16-PokeSplat/PokeSplat/Run/jni/liblwjgl.dylib
0x00000001297b5000 	/Library/Java/JavaVirtualMachines/jdk1.8.0_51.jdk/Contents/Home/jre/lib/libjawt.dylib
0x00000000096b0000 	/System/Library/Frameworks/OpenGL.framework/Versions/A/Resources/GLEngine.bundle/GLEngine
0x00000000096b0000 	/System/Library/Frameworks/OpenGL.framework/Versions/A/Libraries/libGLProgrammability.dylib
0x000000012ae16000 	/System/Library/Extensions/AppleIntelHD5000GraphicsGLDriver.bundle/Contents/MacOS/AppleIntelHD5000GraphicsGLDriver
0x00000000096b0000 	/System/Library/PrivateFrameworks/GPUSupport.framework/Versions/A/Libraries/libGPUSupportMercury.dylib
0x00000000096b0000 	/System/Library/Frameworks/OpenGL.framework/Versions/A/Resources/GLRendererFloat.bundle/GLRendererFloat

VM Arguments:
jvm_args: -Dsodbeans=1 
java_command: Run/Default.jar
java_class_path (initial): Run/Default.jar
Launcher Type: SUN_STANDARD

Environment Variables:
PATH=/usr/bin:/bin:/usr/sbin:/sbin
LD_LIBRARY_PATH=/Library/Java/JavaVirtualMachines/jdk1.8.0_51.jdk/Contents/Home/jre/lib/amd64:/Library/Java/JavaVirtualMachines/jdk1.8.0_51.jdk/Contents/Home/jre/lib/i386:
SHELL=/bin/bash

Signal Handlers:
SIGSEGV: [libjvm.dylib+0x58ef35], sa_mask[0]=11111111011111110111111111111111, sa_flags=SA_ONSTACK|SA_RESTART|SA_SIGINFO
SIGBUS: [libjvm.dylib+0x58ef35], sa_mask[0]=11111111011111110111111111111111, sa_flags=SA_RESTART|SA_SIGINFO
SIGFPE: [libjvm.dylib+0x46c028], sa_mask[0]=11111111011111110111111111111111, sa_flags=SA_RESTART|SA_SIGINFO
SIGPIPE: [libjvm.dylib+0x46c028], sa_mask[0]=11111111011111110111111111111111, sa_flags=SA_RESTART|SA_SIGINFO
SIGXFSZ: [libjvm.dylib+0x46c028], sa_mask[0]=11111111011111110111111111111111, sa_flags=SA_RESTART|SA_SIGINFO
SIGILL: [libjvm.dylib+0x46c028], sa_mask[0]=11111111011111110111111111111111, sa_flags=SA_RESTART|SA_SIGINFO
SIGUSR1: SIG_DFL, sa_mask[0]=00000000000000000000000000000000, sa_flags=none
SIGUSR2: [libjvm.dylib+0x46bb46], sa_mask[0]=00100000000000000000000000000000, sa_flags=SA_RESTART|SA_SIGINFO
SIGHUP: [libjvm.dylib+0x46a119], sa_mask[0]=11111111011111110111111111111111, sa_flags=SA_RESTART|SA_SIGINFO
SIGINT: SIG_IGN, sa_mask[0]=00000000000000000000000000000000, sa_flags=none
SIGTERM: [libjvm.dylib+0x46a119], sa_mask[0]=11111111011111110111111111111111, sa_flags=SA_RESTART|SA_SIGINFO
SIGQUIT: [libjvm.dylib+0x46a119], sa_mask[0]=11111111011111110111111111111111, sa_flags=SA_RESTART|SA_SIGINFO


---------------  S Y S T E M  ---------------

OS:Bsduname:Darwin 15.4.0 Darwin Kernel Version 15.4.0: Fri Feb 26 22:08:05 PST 2016; root:xnu-3248.40.184~3/RELEASE_X86_64 x86_64
rlimit: STACK 8192k, CORE 0k, NPROC 709, NOFILE 10240, AS infinity
load average:5.26 6.78 7.74

CPU:total 4 (2 cores per cpu, 2 threads per core) family 6 model 69 stepping 1, cmov, cx8, fxsr, mmx, sse, sse2, sse3, ssse3, sse4.1, sse4.2, popcnt, avx, avx2, aes, clmul, erms, lzcnt, ht, tsc, tscinvbit, bmi1, bmi2

Memory: 4k page, physical 4194304k(74424k free)

/proc/meminfo:


vm_info: Java HotSpot(TM) 64-Bit Server VM (25.51-b03) for bsd-amd64 JRE (1.8.0_51-b16), built on Jun  8 2015 18:01:11 by "java_re" with gcc 4.2.1 (Based on Apple Inc. build 5658) (LLVM build 2336.11.00)

time: Thu Jul 14 14:35:36 2016
elapsed time: 5 seconds (0d 0h 0m 5s)

