#
# A fatal error has been detected by the Java Runtime Environment:
#
#  SIGBUS (0xa) at pc=0x000000010669eeb9, pid=33266, tid=5891
#
# JRE version: Java(TM) SE Runtime Environment (8.0_51-b16) (build 1.8.0_51-b16)
# Java VM: Java HotSpot(TM) 64-Bit Server VM (25.51-b03 mixed mode bsd-amd64 compressed oops)
# Problematic frame:
# C  [libzip.dylib+0x2eb9]  newEntry+0x154
#
# Failed to write core dump. Core dumps have been disabled. To enable core dumping, try "ulimit -c unlimited" before starting Java again
#
# If you would like to submit a bug report, please visit:
#   http://bugreport.java.com/bugreport/crash.jsp
# The crash happened outside the Java Virtual Machine in native code.
# See problematic frame for where to report the bug.
#

---------------  T H R E A D  ---------------

Current thread (0x00007f911b803000):  JavaThread "main" [_thread_in_native, id=5891, stack(0x000070000011a000,0x000070000021a000)]

siginfo: si_signo: 10 (SIGBUS), si_code: 2 (BUS_ADRERR), si_addr: 0x000000011bc14832

Registers:
RAX=0x00007f9119d11ed0, RBX=0x000000011bc14826, RCX=0x0000000000000700, RDX=0x0000000000000000
RSP=0x0000700000216e70, RBP=0x0000700000216ed0, RSI=0x00007f9119c00000, RDI=0x0000000105454800
R8 =0x0000000000000004, R9 =0x0000000080000000, R10=0x0000000000000004, R11=0x00007f9119c00000
R12=0x00007f911a834c00, R13=0x0000000000000420, R14=0x00000000525e39c4, R15=0x00007f9119f71d80
RIP=0x000000010669eeb9, EFLAGS=0x0000000000010202, ERR=0x0000000000000004
  TRAPNO=0x000000000000000e

Top of Stack: (sp=0x0000700000216e70)
0x0000700000216e70:   0807060021f35648 0000000018d1e8c8
0x0000700000216e80:   0810060018d1e968 0a06060821fdd2c0
0x0000700000216e90:   0000700000216eb0 00007f9119d11ed0
0x0000700000216ea0:   00007f9119c7bfa0 00007f9119d11ed0
0x0000700000216eb0:   00007f911a834c00 0000000000000420
0x0000700000216ec0:   00000000525e39c4 00007f9119f71d80
0x0000700000216ed0:   0000700000216f30 000000010669f554
0x0000700000216ee0:   0000700000216f78 0000700000216f77
0x0000700000216ef0:   0000002800000000 0000002901803000
0x0000700000216f00:   0000700000216f4e 0000700000217398
0x0000700000216f10:   0000000000000029 0000700000216f4e
0x0000700000216f20:   00007f9119d11ed0 00007f911b8031f8
0x0000700000216f30:   0000700000217380 000000010669e34f
0x0000700000216f40:   0810060022001178 7571060800000001
0x0000700000216f50:   62694c2f6d75726f 472f736569726172
0x0000700000216f60:   706172472f656d61 73654d2f73636968
0x0000700000216f70:   007373616c632e68 0000700000217118
0x0000700000216f80:   0000700000216fe0 0000000000000000
0x0000700000216f90:   0000000105cd366a 0000000000000036
0x0000700000216fa0:   0000000000000000 00007fff8bff09b0
0x0000700000216fb0:   00007000002173a0 00007fff8bfb165b
0x0000700000216fc0:   0000000105ca7099 0000000000000000
0x0000700000216fd0:   ffffffffffffffff 0000000000000000
0x0000700000216fe0:   00000007ba73b880 0000000107247ec2
0x0000700000216ff0:   00000007ba73a748 0000001e00000000
0x0000700000217000:   00000007ba73b868 00000001071a59d4
0x0000700000217010:   000000072949258b 00000000f80002da
0x0000700000217020:   0810060000000000 00000007ba73b868
0x0000700000217030:   0000000105cd3668 0000000000000001
0x0000700000217040:   00000007ba73b828 000000010713cbfc
0x0000700000217050:   0000000000000029 0000000000000000
0x0000700000217060:   00007000002177d8 0000000000000036 

Instructions: (pc=0x000000010669eeb9)
0x000000010669ee99:   49 8b 7f 38 e8 50 1b 00 00 4d 89 77 38 49 89 5f
0x000000010669eea9:   40 4c 89 f0 48 85 c0 0f 84 11 05 00 00 48 89 c3
0x000000010669eeb9:   0f b6 43 0c 0f b6 4b 0d 48 c1 e1 08 48 01 c1 0f
0x000000010669eec9:   b6 43 0e 0f b6 53 0f 48 c1 e2 08 48 01 c2 48 c1 

Register to memory mapping:

RAX=0x00007f9119d11ed0 is an unknown value
RBX=0x000000011bc14826 is an unknown value
RCX=0x0000000000000700 is an unknown value
RDX=0x0000000000000000 is an unknown value
RSP=0x0000700000216e70 is pointing into the stack for thread: 0x00007f911b803000
RBP=0x0000700000216ed0 is pointing into the stack for thread: 0x00007f911b803000
RSI=0x00007f9119c00000 is an unknown value
RDI=0x0000000105454800 is an unknown value
R8 =0x0000000000000004 is an unknown value
R9 =0x0000000080000000 is an unknown value
R10=0x0000000000000004 is an unknown value
R11=0x00007f9119c00000 is an unknown value
R12=0x00007f911a834c00 is an unknown value
R13=0x0000000000000420 is an unknown value
R14=0x00000000525e39c4 is an unknown value
R15=0x00007f9119f71d80 is an unknown value


Stack: [0x000070000011a000,0x000070000021a000],  sp=0x0000700000216e70,  free space=1011k
Native frames: (J=compiled Java code, j=interpreted, Vv=VM code, C=native code)
C  [libzip.dylib+0x2eb9]  newEntry+0x154
C  [libzip.dylib+0x3554]  ZIP_GetEntry2+0xd4
C  [libzip.dylib+0x234f]  Java_java_util_zip_ZipFile_getEntry+0xcf
J 92  java.util.zip.ZipFile.getEntry(J[BZ)J (0 bytes) @ 0x000000010713b88e [0x000000010713b7c0+0xce]
J 620 C2 sun.misc.URLClassPath$JarLoader.getResource(Ljava/lang/String;Z)Lsun/misc/Resource; (85 bytes) @ 0x0000000107271b84 [0x00000001072716e0+0x4a4]

Java frames: (J=compiled Java code, j=interpreted, Vv=VM code)
J 92  java.util.zip.ZipFile.getEntry(J[BZ)J (0 bytes) @ 0x000000010713b818 [0x000000010713b7c0+0x58]
J 620 C2 sun.misc.URLClassPath$JarLoader.getResource(Ljava/lang/String;Z)Lsun/misc/Resource; (85 bytes) @ 0x0000000107271b84 [0x00000001072716e0+0x4a4]
J 202 C1 sun.misc.URLClassPath.getResource(Ljava/lang/String;Z)Lsun/misc/Resource; (83 bytes) @ 0x0000000107177fac [0x0000000107177e40+0x16c]
J 216 C1 java.net.URLClassLoader$1.run()Ljava/lang/Class; (63 bytes) @ 0x000000010717d86c [0x000000010717d660+0x20c]
J 215 C1 java.net.URLClassLoader$1.run()Ljava/lang/Object; (5 bytes) @ 0x000000010717d2cc [0x000000010717d240+0x8c]
v  ~StubRoutines::call_stub
J 214  java.security.AccessController.doPrivileged(Ljava/security/PrivilegedExceptionAction;Ljava/security/AccessControlContext;)Ljava/lang/Object; (0 bytes) @ 0x000000010717cf23 [0x000000010717cec0+0x63]
J 187 C1 java.net.URLClassLoader.findClass(Ljava/lang/String;)Ljava/lang/Class; (47 bytes) @ 0x000000010716dc54 [0x000000010716dac0+0x194]
J 167 C1 java.lang.ClassLoader.loadClass(Ljava/lang/String;Z)Ljava/lang/Class; (122 bytes) @ 0x0000000107160524 [0x000000010715fbc0+0x964]
J 220 C1 sun.misc.Launcher$AppClassLoader.loadClass(Ljava/lang/String;Z)Ljava/lang/Class; (85 bytes) @ 0x00000001071851e4 [0x0000000107184840+0x9a4]
J 219 C1 java.lang.ClassLoader.loadClass(Ljava/lang/String;)Ljava/lang/Class; (7 bytes) @ 0x0000000107184484 [0x0000000107184380+0x104]
v  ~StubRoutines::call_stub
j  quorum.Libraries.Game.Graphics.MeshBuilder.End()Lquorum/Libraries/Game/Graphics/Mesh_;+28
j  quorum.Libraries.Game.Graphics.ModelBuilder.End()Lquorum/Libraries/Game/Graphics/ModelBlueprint_;+82
j  quorum.Libraries.Game.Graphics.ModelLoaders.ModelReader.ConstructWavefrontObject(Lquorum/Libraries/Containers/Array_;Lquorum/Libraries/Containers/Array_;Lquorum/Libraries/Containers/Array_;Lquorum/Libraries/Containers/Table_;Lquorum/Libraries/Containers/Array_;Lquorum/Libraries/Containers/Array_;Lquorum/Libraries/Containers/Array_;Lquorum/Libraries/System/File_;)Lquorum/Libraries/Game/Graphics/ModelBlueprint_;+1444
j  quorum.Libraries.Game.Graphics.ModelLoaders.ModelReader.ReadWavefrontObject(Lquorum/Libraries/System/File_;)Lquorum/Libraries/Game/Graphics/ModelBlueprint_;+410
j  quorum.Libraries.Game.Graphics.ModelLoaders.ModelReader.Read(Lquorum/Libraries/System/File_;)Lquorum/Libraries/Game/Graphics/ModelBlueprint_;+21
j  plugins.quorum.Libraries.Game.Graphics.Model.GetCachedBlueprint(Lquorum/Libraries/System/File_;)Lquorum/Libraries/Game/Graphics/ModelBlueprint_;+24
j  quorum.Libraries.Game.Graphics.Model.GetCachedBlueprint(Lquorum/Libraries/System/File_;)Lquorum/Libraries/Game/Graphics/ModelBlueprint_;+5
j  quorum.Libraries.Game.Graphics.Model.Load(Lquorum/Libraries/System/File_;)V+5
j  quorum.Libraries.Game.Graphics.Model.Load(Ljava/lang/String;)V+20
j  quorum.Main.CreateGame()V+228
j  quorum.Libraries.Game.DesktopApplication.MainLoop()V+26
j  quorum.Libraries.Game.DesktopApplication.Setup(Lquorum/Libraries/Game/Game_;)V+22
j  quorum.Libraries.Game.Game.StartGame()V+313
j  quorum.Main.StartGame()V+4
j  quorum.Main.Main()V+4
j  quorum.Main.main([Ljava/lang/String;)V+13
v  ~StubRoutines::call_stub

---------------  P R O C E S S  ---------------

Java Threads: ( => current thread )
  0x00007f911b16f800 JavaThread "AppKit Thread" daemon [_thread_in_native, id=2571, stack(0x00007fff59fcc000,0x00007fff5a7cc000)]
  0x00007f911b831800 JavaThread "Phonemic Consumer Thread" daemon [_thread_blocked, id=21263, stack(0x00007000010cd000,0x00007000011cd000)]
  0x00007f911b80e800 JavaThread "Service Thread" daemon [_thread_blocked, id=19203, stack(0x0000700000ec7000,0x0000700000fc7000)]
  0x00007f911b0b2000 JavaThread "C1 CompilerThread2" daemon [_thread_blocked, id=18691, stack(0x0000700000dc4000,0x0000700000ec4000)]
  0x00007f911b05b800 JavaThread "C2 CompilerThread1" daemon [_thread_blocked, id=18179, stack(0x0000700000cc1000,0x0000700000dc1000)]
  0x00007f911b05a800 JavaThread "C2 CompilerThread0" daemon [_thread_blocked, id=17667, stack(0x0000700000bbe000,0x0000700000cbe000)]
  0x00007f911b05a000 JavaThread "Signal Dispatcher" daemon [_thread_blocked, id=16907, stack(0x0000700000abb000,0x0000700000bbb000)]
  0x00007f911a016000 JavaThread "Finalizer" daemon [_thread_blocked, id=12291, stack(0x000070000082f000,0x000070000092f000)]
  0x00007f911b80d800 JavaThread "Reference Handler" daemon [_thread_blocked, id=11779, stack(0x000070000072c000,0x000070000082c000)]
=>0x00007f911b803000 JavaThread "main" [_thread_in_native, id=5891, stack(0x000070000011a000,0x000070000021a000)]

Other Threads:
  0x00007f911b045800 VMThread [stack: 0x0000700000629000,0x0000700000729000] [id=11267]
  0x00007f911b820800 WatcherThread [stack: 0x0000700000fca000,0x00007000010ca000] [id=19715]

VM state:not at safepoint (normal execution)

VM Mutex/Monitor currently owned by a thread: None

Heap:
 PSYoungGen      total 345600K, used 262553K [0x00000007aab00000, 0x00000007c0000000, 0x00000007c0000000)
  eden space 342016K, 76% used [0x00000007aab00000,0x00000007baa15f90,0x00000007bf900000)
  from space 3584K, 37% used [0x00000007bfc80000,0x00000007bfdd0830,0x00000007c0000000)
  to   space 3584K, 0% used [0x00000007bf900000,0x00000007bf900000,0x00000007bfc80000)
 ParOldGen       total 44032K, used 18798K [0x0000000780000000, 0x0000000782b00000, 0x00000007aab00000)
  object space 44032K, 42% used [0x0000000780000000,0x000000078125bbb0,0x0000000782b00000)
 Metaspace       used 10886K, capacity 11045K, committed 11136K, reserved 1058816K
  class space    used 1004K, capacity 1072K, committed 1152K, reserved 1048576K

Card table byte_map: [0x00000001163c0000,0x00000001165c1000] byte_map_base: 0x00000001127c0000

Marking Bits: (ParMarkBitMap*) 0x0000000105fa47a0
 Begin Bits: [0x00000001165c1000, 0x00000001175c1000)
 End Bits:   [0x00000001175c1000, 0x00000001185c1000)

Polling page: 0x0000000106692000

CodeCache: size=245760Kb used=3741Kb max_used=3757Kb free=242018Kb
 bounds [0x0000000107000000, 0x00000001073c0000, 0x0000000116000000]
 total_blobs=1425 nmethods=954 adapters=385
 compilation: enabled

Compilation events (10 events):
Event: 4.317 Thread 0x00007f911b05a800 nmethod 956 0x0000000107370450 code [0x00000001073705a0, 0x0000000107370678]
Event: 4.365 Thread 0x00007f911b05b800 nmethod 951 0x00000001073a9290 code [0x00000001073a97e0, 0x00000001073ae948]
Event: 5.216 Thread 0x00007f911b0b2000  957       3       java.lang.String::getBytes (27 bytes)
Event: 5.217 Thread 0x00007f911b0b2000 nmethod 957 0x000000010736ff10 code [0x00000001073700a0, 0x0000000107370338]
Event: 5.217 Thread 0x00007f911b0b2000  958   !   3       java.lang.StringCoding::encode (120 bytes)
Event: 5.219 Thread 0x00007f911b0b2000 nmethod 958 0x0000000107399590 code [0x00000001073998e0, 0x000000010739b378]
Event: 5.224 Thread 0x00007f911b0b2000  959  s    3       java.io.ByteArrayOutputStream::write (66 bytes)
Event: 5.225 Thread 0x00007f911b0b2000 nmethod 959 0x000000010736f490 code [0x000000010736f640, 0x000000010736fca8]
Event: 5.225 Thread 0x00007f911b0b2000  960       3       java.io.ByteArrayOutputStream::ensureCapacity (16 bytes)
Event: 5.225 Thread 0x00007f911b0b2000 nmethod 960 0x000000010736f010 code [0x000000010736f180, 0x000000010736f368]

GC Heap History (10 events):
Event: 4.970 GC heap before
{Heap before GC invocations=24 (full 0):
 PSYoungGen      total 344064K, used 341176K [0x00000007aab00000, 0x00000007c0000000, 0x00000007c0000000)
  eden space 339968K, 100% used [0x00000007aab00000,0x00000007bf700000,0x00000007bf700000)
  from space 4096K, 29% used [0x00000007bf700000,0x00000007bf82e060,0x00000007bfb00000)
  to   space 4096K, 0% used [0x00000007bfc00000,0x00000007bfc00000,0x00000007c0000000)
 ParOldGen       total 44032K, used 16966K [0x0000000780000000, 0x0000000782b00000, 0x00000007aab00000)
  object space 44032K, 38% used [0x0000000780000000,0x0000000781091bb0,0x0000000782b00000)
 Metaspace       used 10875K, capacity 11045K, committed 11136K, reserved 1058816K
  class space    used 1004K, capacity 1072K, committed 1152K, reserved 1048576K
Event: 4.982 GC heap after
Heap after GC invocations=24 (full 0):
 PSYoungGen      total 345088K, used 1237K [0x00000007aab00000, 0x00000007c0000000, 0x00000007c0000000)
  eden space 340992K, 0% used [0x00000007aab00000,0x00000007aab00000,0x00000007bf800000)
  from space 4096K, 30% used [0x00000007bfc00000,0x00000007bfd355a8,0x00000007c0000000)
  to   space 4096K, 0% used [0x00000007bf800000,0x00000007bf800000,0x00000007bfc00000)
 ParOldGen       total 44032K, used 17358K [0x0000000780000000, 0x0000000782b00000, 0x00000007aab00000)
  object space 44032K, 39% used [0x0000000780000000,0x00000007810f3bb0,0x0000000782b00000)
 Metaspace       used 10875K, capacity 11045K, committed 11136K, reserved 1058816K
  class space    used 1004K, capacity 1072K, committed 1152K, reserved 1048576K
}
Event: 5.045 GC heap before
{Heap before GC invocations=25 (full 0):
 PSYoungGen      total 345088K, used 342229K [0x00000007aab00000, 0x00000007c0000000, 0x00000007c0000000)
  eden space 340992K, 100% used [0x00000007aab00000,0x00000007bf800000,0x00000007bf800000)
  from space 4096K, 30% used [0x00000007bfc00000,0x00000007bfd355a8,0x00000007c0000000)
  to   space 4096K, 0% used [0x00000007bf800000,0x00000007bf800000,0x00000007bfc00000)
 ParOldGen       total 44032K, used 17358K [0x0000000780000000, 0x0000000782b00000, 0x00000007aab00000)
  object space 44032K, 39% used [0x0000000780000000,0x00000007810f3bb0,0x0000000782b00000)
 Metaspace       used 10875K, capacity 11045K, committed 11136K, reserved 1058816K
  class space    used 1004K, capacity 1072K, committed 1152K, reserved 1048576K
Event: 5.047 GC heap after
Heap after GC invocations=25 (full 0):
 PSYoungGen      total 345088K, used 1265K [0x00000007aab00000, 0x00000007c0000000, 0x00000007c0000000)
  eden space 340992K, 0% used [0x00000007aab00000,0x00000007aab00000,0x00000007bf800000)
  from space 4096K, 30% used [0x00000007bf800000,0x00000007bf93c790,0x00000007bfc00000)
  to   space 4096K, 0% used [0x00000007bfc00000,0x00000007bfc00000,0x00000007c0000000)
 ParOldGen       total 44032K, used 17734K [0x0000000780000000, 0x0000000782b00000, 0x00000007aab00000)
  object space 44032K, 40% used [0x0000000780000000,0x0000000781151bb0,0x0000000782b00000)
 Metaspace       used 10875K, capacity 11045K, committed 11136K, reserved 1058816K
  class space    used 1004K, capacity 1072K, committed 1152K, reserved 1048576K
}
Event: 5.114 GC heap before
{Heap before GC invocations=26 (full 0):
 PSYoungGen      total 345088K, used 342257K [0x00000007aab00000, 0x00000007c0000000, 0x00000007c0000000)
  eden space 340992K, 100% used [0x00000007aab00000,0x00000007bf800000,0x00000007bf800000)
  from space 4096K, 30% used [0x00000007bf800000,0x00000007bf93c790,0x00000007bfc00000)
  to   space 4096K, 0% used [0x00000007bfc00000,0x00000007bfc00000,0x00000007c0000000)
 ParOldGen       total 44032K, used 17734K [0x0000000780000000, 0x0000000782b00000, 0x00000007aab00000)
  object space 44032K, 40% used [0x0000000780000000,0x0000000781151bb0,0x0000000782b00000)
 Metaspace       used 10875K, capacity 11045K, committed 11136K, reserved 1058816K
  class space    used 1004K, capacity 1072K, committed 1152K, reserved 1048576K
Event: 5.126 GC heap after
Heap after GC invocations=26 (full 0):
 PSYoungGen      total 344064K, used 1229K [0x00000007aab00000, 0x00000007bff00000, 0x00000007c0000000)
  eden space 340992K, 0% used [0x00000007aab00000,0x00000007aab00000,0x00000007bf800000)
  from space 3072K, 40% used [0x00000007bfc00000,0x00000007bfd33558,0x00000007bff00000)
  to   space 3584K, 0% used [0x00000007bf800000,0x00000007bf800000,0x00000007bfb80000)
 ParOldGen       total 44032K, used 18102K [0x0000000780000000, 0x0000000782b00000, 0x00000007aab00000)
  object space 44032K, 41% used [0x0000000780000000,0x00000007811adbb0,0x0000000782b00000)
 Metaspace       used 10875K, capacity 11045K, committed 11136K, reserved 1058816K
  class space    used 1004K, capacity 1072K, committed 1152K, reserved 1048576K
}
Event: 5.176 GC heap before
{Heap before GC invocations=27 (full 0):
 PSYoungGen      total 344064K, used 342221K [0x00000007aab00000, 0x00000007bff00000, 0x00000007c0000000)
  eden space 340992K, 100% used [0x00000007aab00000,0x00000007bf800000,0x00000007bf800000)
  from space 3072K, 40% used [0x00000007bfc00000,0x00000007bfd33558,0x00000007bff00000)
  to   space 3584K, 0% used [0x00000007bf800000,0x00000007bf800000,0x00000007bfb80000)
 ParOldGen       total 44032K, used 18102K [0x0000000780000000, 0x0000000782b00000, 0x00000007aab00000)
  object space 44032K, 41% used [0x0000000780000000,0x00000007811adbb0,0x0000000782b00000)
 Metaspace       used 10875K, capacity 11045K, committed 11136K, reserved 1058816K
  class space    used 1004K, capacity 1072K, committed 1152K, reserved 1048576K
Event: 5.178 GC heap after
Heap after GC invocations=27 (full 0):
 PSYoungGen      total 344576K, used 1288K [0x00000007aab00000, 0x00000007c0000000, 0x00000007c0000000)
  eden space 340992K, 0% used [0x00000007aab00000,0x00000007aab00000,0x00000007bf800000)
  from space 3584K, 35% used [0x00000007bf800000,0x00000007bf942068,0x00000007bfb80000)
  to   space 3584K, 0% used [0x00000007bfc80000,0x00000007bfc80000,0x00000007c0000000)
 ParOldGen       total 44032K, used 18454K [0x0000000780000000, 0x0000000782b00000, 0x00000007aab00000)
  object space 44032K, 41% used [0x0000000780000000,0x0000000781205bb0,0x0000000782b00000)
 Metaspace       used 10875K, capacity 11045K, committed 11136K, reserved 1058816K
  class space    used 1004K, capacity 1072K, committed 1152K, reserved 1048576K
}
Event: 5.249 GC heap before
{Heap before GC invocations=28 (full 0):
 PSYoungGen      total 344576K, used 342280K [0x00000007aab00000, 0x00000007c0000000, 0x00000007c0000000)
  eden space 340992K, 100% used [0x00000007aab00000,0x00000007bf800000,0x00000007bf800000)
  from space 3584K, 35% used [0x00000007bf800000,0x00000007bf942068,0x00000007bfb80000)
  to   space 3584K, 0% used [0x00000007bfc80000,0x00000007bfc80000,0x00000007c0000000)
 ParOldGen       total 44032K, used 18454K [0x0000000780000000, 0x0000000782b00000, 0x00000007aab00000)
  object space 44032K, 41% used [0x0000000780000000,0x0000000781205bb0,0x0000000782b00000)
 Metaspace       used 10886K, capacity 11045K, committed 11136K, reserved 1058816K
  class space    used 1004K, capacity 1072K, committed 1152K, reserved 1048576K
Event: 5.251 GC heap after
Heap after GC invocations=28 (full 0):
 PSYoungGen      total 345600K, used 1346K [0x00000007aab00000, 0x00000007c0000000, 0x00000007c0000000)
  eden space 342016K, 0% used [0x00000007aab00000,0x00000007aab00000,0x00000007bf900000)
  from space 3584K, 37% used [0x00000007bfc80000,0x00000007bfdd0830,0x00000007c0000000)
  to   space 3584K, 0% used [0x00000007bf900000,0x00000007bf900000,0x00000007bfc80000)
 ParOldGen       total 44032K, used 18798K [0x0000000780000000, 0x0000000782b00000, 0x00000007aab00000)
  object space 44032K, 42% used [0x0000000780000000,0x000000078125bbb0,0x0000000782b00000)
 Metaspace       used 10886K, capacity 11045K, committed 11136K, reserved 1058816K
  class space    used 1004K, capacity 1072K, committed 1152K, reserved 1048576K
}

Deoptimization events (4 events):
Event: 0.926 Thread 0x00007f911b16f800 Uncommon trap: reason=unstable_if action=reinterpret pc=0x0000000107175514 method=java.lang.String.lastIndexOf([CII[CIII)I @ 66
Event: 2.474 Thread 0x00007f911b803000 Uncommon trap: reason=unstable_if action=reinterpret pc=0x00000001072d20d4 method=java.io.BufferedReader.readLine(Z)Ljava/lang/String; @ 137
Event: 2.587 Thread 0x00007f911b803000 Uncommon trap: reason=unstable_if action=reinterpret pc=0x00000001072efbcc method=sun.misc.FloatingDecimal.readJavaFormatString(Ljava/lang/String;)Lsun/misc/FloatingDecimal$ASCIIToBinaryConverter; @ 235
Event: 3.015 Thread 0x00007f911b803000 Uncommon trap: reason=null_check action=make_not_entrant pc=0x00000001072bc04c method=plugins.quorum.Libraries.Containers.Array.GetNative(I)Lquorum/Libraries/Language/Object_; @ 8

Internal exceptions (10 events):
Event: 0.611 Thread 0x00007f911b803000 Exception <a 'java/security/PrivilegedActionException'> (0x00000007ab394260) thrown at [/Users/java_re/workspace/8-2-build-macosx-x86_64/jdk8u51/3951/hotspot/src/share/vm/prims/jvm.cpp, line 1382]
Event: 0.611 Thread 0x00007f911b803000 Exception <a 'java/security/PrivilegedActionException'> (0x00000007ab3945a8) thrown at [/Users/java_re/workspace/8-2-build-macosx-x86_64/jdk8u51/3951/hotspot/src/share/vm/prims/jvm.cpp, line 1382]
Event: 0.611 Thread 0x00007f911b803000 Exception <a 'java/security/PrivilegedActionException'> (0x00000007ab397ab8) thrown at [/Users/java_re/workspace/8-2-build-macosx-x86_64/jdk8u51/3951/hotspot/src/share/vm/prims/jvm.cpp, line 1382]
Event: 0.611 Thread 0x00007f911b803000 Exception <a 'java/security/PrivilegedActionException'> (0x00000007ab397e00) thrown at [/Users/java_re/workspace/8-2-build-macosx-x86_64/jdk8u51/3951/hotspot/src/share/vm/prims/jvm.cpp, line 1382]
Event: 0.913 Thread 0x00007f911b803000 Exception <a 'java/io/FileNotFoundException'> (0x00000007ab4b7a18) thrown at [/Users/java_re/workspace/8-2-build-macosx-x86_64/jdk8u51/3951/hotspot/src/share/vm/prims/jni.cpp, line 709]
Event: 0.913 Thread 0x00007f911b803000 Exception <a 'java/io/FileNotFoundException'> (0x00000007ab4b8508) thrown at [/Users/java_re/workspace/8-2-build-macosx-x86_64/jdk8u51/3951/hotspot/src/share/vm/prims/jni.cpp, line 709]
Event: 0.927 Thread 0x00007f911b803000 Exception <a 'java/lang/UnsatisfiedLinkError'> (0x00000007ab4cbc40) thrown at [/Users/java_re/workspace/8-2-build-macosx-x86_64/jdk8u51/3951/hotspot/src/share/vm/prims/jvm.cpp, line 1386]
Event: 0.983 Thread 0x00007f911b16f800 Exception <a 'java/lang/NoSuchFieldError': method resolution failed> (0x00000007ab62c318) thrown at [/Users/java_re/workspace/8-2-build-macosx-x86_64/jdk8u51/3951/hotspot/src/share/vm/prims/methodHandles.cpp, line 1125]
Event: 0.986 Thread 0x00007f911b16f800 Exception <a 'java/lang/NoSuchFieldError': method resolution failed> (0x00000007ab63a988) thrown at [/Users/java_re/workspace/8-2-build-macosx-x86_64/jdk8u51/3951/hotspot/src/share/vm/prims/methodHandles.cpp, line 1125]
Event: 3.015 Thread 0x00007f911b803000 Implicit null exception at 0x00000001072bbc16 to 0x00000001072bc041

Events (10 events):
Event: 5.114 Executing VM operation: ParallelGCFailedAllocation
Event: 5.127 Executing VM operation: ParallelGCFailedAllocation done
Event: 5.176 Executing VM operation: ParallelGCFailedAllocation
Event: 5.178 Executing VM operation: ParallelGCFailedAllocation done
Event: 5.249 Executing VM operation: ParallelGCFailedAllocation
Event: 5.251 Executing VM operation: ParallelGCFailedAllocation done
Event: 5.251 Executing VM operation: RevokeBias
Event: 5.251 Executing VM operation: RevokeBias done
Event: 5.292 loading class quorum/Libraries/Game/Graphics/Mesh
Event: 5.292 loading class quorum/Libraries/Game/Graphics/Mesh done


Dynamic libraries:
0x00000000096b0000 	/System/Library/Frameworks/Cocoa.framework/Versions/A/Cocoa
0x00000000096b0000 	/System/Library/Frameworks/Security.framework/Versions/A/Security
0x00000000096b0000 	/System/Library/Frameworks/ApplicationServices.framework/Versions/A/ApplicationServices
0x00000000096b0000 	/usr/lib/libz.1.dylib
0x00000000096b0000 	/usr/lib/libSystem.B.dylib
0x00000000096b0000 	/usr/lib/libobjc.A.dylib
0x00000000096b0000 	/System/Library/Frameworks/CoreFoundation.framework/Versions/A/CoreFoundation
0x00000000096b0000 	/System/Library/Frameworks/Foundation.framework/Versions/C/Foundation
0x00000000096b0000 	/System/Library/Frameworks/AppKit.framework/Versions/C/AppKit
0x00000000096b0000 	/System/Library/Frameworks/CoreData.framework/Versions/A/CoreData
0x00000000096b0000 	/System/Library/PrivateFrameworks/RemoteViewServices.framework/Versions/A/RemoteViewServices
0x00000000096b0000 	/System/Library/PrivateFrameworks/UIFoundation.framework/Versions/A/UIFoundation
0x00000000096b0000 	/usr/lib/libScreenReader.dylib
0x00000000096b0000 	/System/Library/Frameworks/Accelerate.framework/Versions/A/Accelerate
0x00000000096b0000 	/System/Library/Frameworks/IOSurface.framework/Versions/A/IOSurface
0x00000000096b0000 	/System/Library/Frameworks/AudioToolbox.framework/Versions/A/AudioToolbox
0x00000000096b0000 	/System/Library/Frameworks/AudioUnit.framework/Versions/A/AudioUnit
0x00000000096b0000 	/System/Library/PrivateFrameworks/DataDetectorsCore.framework/Versions/A/DataDetectorsCore
0x00000000096b0000 	/System/Library/PrivateFrameworks/DesktopServicesPriv.framework/Versions/A/DesktopServicesPriv
0x00000000096b0000 	/System/Library/Frameworks/Carbon.framework/Versions/A/Frameworks/HIToolbox.framework/Versions/A/HIToolbox
0x00000000096b0000 	/System/Library/Frameworks/QuartzCore.framework/Versions/A/QuartzCore
0x00000000096b0000 	/System/Library/Frameworks/Carbon.framework/Versions/A/Frameworks/SpeechRecognition.framework/Versions/A/SpeechRecognition
0x00000000096b0000 	/usr/lib/libauto.dylib
0x00000000096b0000 	/usr/lib/libicucore.A.dylib
0x00000000096b0000 	/usr/lib/libxml2.2.dylib
0x00000000096b0000 	/System/Library/PrivateFrameworks/CoreUI.framework/Versions/A/CoreUI
0x00000000096b0000 	/System/Library/Frameworks/CoreAudio.framework/Versions/A/CoreAudio
0x00000000096b0000 	/System/Library/Frameworks/DiskArbitration.framework/Versions/A/DiskArbitration
0x00000000096b0000 	/usr/lib/liblangid.dylib
0x00000000096b0000 	/System/Library/PrivateFrameworks/MultitouchSupport.framework/Versions/A/MultitouchSupport
0x00000000096b0000 	/System/Library/Frameworks/IOKit.framework/Versions/A/IOKit
0x00000000096b0000 	/usr/lib/libDiagnosticMessagesClient.dylib
0x00000000096b0000 	/System/Library/Frameworks/CoreServices.framework/Versions/A/CoreServices
0x00000000096b0000 	/System/Library/PrivateFrameworks/PerformanceAnalysis.framework/Versions/A/PerformanceAnalysis
0x00000000096b0000 	/System/Library/PrivateFrameworks/GenerationalStorage.framework/Versions/A/GenerationalStorage
0x00000000096b0000 	/System/Library/Frameworks/OpenGL.framework/Versions/A/OpenGL
0x00000000096b0000 	/System/Library/PrivateFrameworks/Sharing.framework/Versions/A/Sharing
0x00000000096b0000 	/System/Library/Frameworks/CoreGraphics.framework/Versions/A/CoreGraphics
0x00000000096b0000 	/System/Library/Frameworks/CoreImage.framework/Versions/A/CoreImage
0x00000000096b0000 	/System/Library/Frameworks/CoreText.framework/Versions/A/CoreText
0x00000000096b0000 	/System/Library/Frameworks/ImageIO.framework/Versions/A/ImageIO
0x00000000096b0000 	/System/Library/PrivateFrameworks/Backup.framework/Versions/A/Backup
0x00000000096b0000 	/usr/lib/libextension.dylib
0x00000000096b0000 	/usr/lib/libarchive.2.dylib
0x00000000096b0000 	/System/Library/Frameworks/CFNetwork.framework/Versions/A/CFNetwork
0x00000000096b0000 	/System/Library/Frameworks/SystemConfiguration.framework/Versions/A/SystemConfiguration
0x00000000096b0000 	/usr/lib/libCRFSuite.dylib
0x00000000096b0000 	/usr/lib/libc++.1.dylib
0x00000000096b0000 	/usr/lib/libc++abi.dylib
0x00000000096b0000 	/usr/lib/system/libcache.dylib
0x00000000096b0000 	/usr/lib/system/libcommonCrypto.dylib
0x00000000096b0000 	/usr/lib/system/libcompiler_rt.dylib
0x00000000096b0000 	/usr/lib/system/libcopyfile.dylib
0x00000000096b0000 	/usr/lib/system/libcorecrypto.dylib
0x00000000096b0000 	/usr/lib/system/libdispatch.dylib
0x00000000096b0000 	/usr/lib/system/libdyld.dylib
0x00000000096b0000 	/usr/lib/system/libkeymgr.dylib
0x00000000096b0000 	/usr/lib/system/liblaunch.dylib
0x00000000096b0000 	/usr/lib/system/libmacho.dylib
0x00000000096b0000 	/usr/lib/system/libquarantine.dylib
0x00000000096b0000 	/usr/lib/system/libremovefile.dylib
0x00000000096b0000 	/usr/lib/system/libsystem_asl.dylib
0x00000000096b0000 	/usr/lib/system/libsystem_blocks.dylib
0x00000000096b0000 	/usr/lib/system/libsystem_c.dylib
0x00000000096b0000 	/usr/lib/system/libsystem_configuration.dylib
0x00000000096b0000 	/usr/lib/system/libsystem_coreservices.dylib
0x00000000096b0000 	/usr/lib/system/libsystem_coretls.dylib
0x00000000096b0000 	/usr/lib/system/libsystem_dnssd.dylib
0x00000000096b0000 	/usr/lib/system/libsystem_info.dylib
0x00000000096b0000 	/usr/lib/system/libsystem_kernel.dylib
0x00000000096b0000 	/usr/lib/system/libsystem_m.dylib
0x00000000096b0000 	/usr/lib/system/libsystem_malloc.dylib
0x00000000096b0000 	/usr/lib/system/libsystem_network.dylib
0x00000000096b0000 	/usr/lib/system/libsystem_networkextension.dylib
0x00000000096b0000 	/usr/lib/system/libsystem_notify.dylib
0x00000000096b0000 	/usr/lib/system/libsystem_platform.dylib
0x00000000096b0000 	/usr/lib/system/libsystem_pthread.dylib
0x00000000096b0000 	/usr/lib/system/libsystem_sandbox.dylib
0x00000000096b0000 	/usr/lib/system/libsystem_secinit.dylib
0x00000000096b0000 	/usr/lib/system/libsystem_trace.dylib
0x00000000096b0000 	/usr/lib/system/libunc.dylib
0x00000000096b0000 	/usr/lib/system/libunwind.dylib
0x00000000096b0000 	/usr/lib/system/libxpc.dylib
0x00000000096b0000 	/usr/lib/libenergytrace.dylib
0x00000000096b0000 	/usr/lib/libbsm.0.dylib
0x00000000096b0000 	/usr/lib/system/libkxld.dylib
0x00000000096b0000 	/usr/lib/libxar.1.dylib
0x00000000096b0000 	/usr/lib/libsqlite3.dylib
0x00000000096b0000 	/usr/lib/libpam.2.dylib
0x00000000096b0000 	/usr/lib/libOpenScriptingUtil.dylib
0x00000000096b0000 	/usr/lib/libbz2.1.0.dylib
0x00000000096b0000 	/usr/lib/liblzma.5.dylib
0x00000000096b0000 	/System/Library/Frameworks/CoreServices.framework/Versions/A/Frameworks/FSEvents.framework/Versions/A/FSEvents
0x00000000096b0000 	/System/Library/Frameworks/CoreServices.framework/Versions/A/Frameworks/CarbonCore.framework/Versions/A/CarbonCore
0x00000000096b0000 	/System/Library/Frameworks/CoreServices.framework/Versions/A/Frameworks/Metadata.framework/Versions/A/Metadata
0x00000000096b0000 	/System/Library/Frameworks/CoreServices.framework/Versions/A/Frameworks/OSServices.framework/Versions/A/OSServices
0x00000000096b0000 	/System/Library/Frameworks/CoreServices.framework/Versions/A/Frameworks/SearchKit.framework/Versions/A/SearchKit
0x00000000096b0000 	/System/Library/Frameworks/CoreServices.framework/Versions/A/Frameworks/AE.framework/Versions/A/AE
0x00000000096b0000 	/System/Library/Frameworks/CoreServices.framework/Versions/A/Frameworks/LaunchServices.framework/Versions/A/LaunchServices
0x00000000096b0000 	/System/Library/Frameworks/CoreServices.framework/Versions/A/Frameworks/DictionaryServices.framework/Versions/A/DictionaryServices
0x00000000096b0000 	/System/Library/Frameworks/CoreServices.framework/Versions/A/Frameworks/SharedFileList.framework/Versions/A/SharedFileList
0x00000000096b0000 	/System/Library/Frameworks/NetFS.framework/Versions/A/NetFS
0x00000000096b0000 	/System/Library/PrivateFrameworks/NetAuth.framework/Versions/A/NetAuth
0x00000000096b0000 	/System/Library/PrivateFrameworks/login.framework/Versions/A/Frameworks/loginsupport.framework/Versions/A/loginsupport
0x00000000096b0000 	/System/Library/PrivateFrameworks/TCC.framework/Versions/A/TCC
0x00000000096b0000 	/usr/lib/libmecabra.dylib
0x00000000096b0000 	/System/Library/Frameworks/ApplicationServices.framework/Versions/A/Frameworks/ATS.framework/Versions/A/ATS
0x00000000096b0000 	/System/Library/Frameworks/ApplicationServices.framework/Versions/A/Frameworks/ColorSync.framework/Versions/A/ColorSync
0x00000000096b0000 	/System/Library/Frameworks/ApplicationServices.framework/Versions/A/Frameworks/HIServices.framework/Versions/A/HIServices
0x00000000096b0000 	/System/Library/Frameworks/ApplicationServices.framework/Versions/A/Frameworks/LangAnalysis.framework/Versions/A/LangAnalysis
0x00000000096b0000 	/System/Library/Frameworks/ApplicationServices.framework/Versions/A/Frameworks/PrintCore.framework/Versions/A/PrintCore
0x00000000096b0000 	/System/Library/Frameworks/ApplicationServices.framework/Versions/A/Frameworks/QD.framework/Versions/A/QD
0x00000000096b0000 	/System/Library/Frameworks/ApplicationServices.framework/Versions/A/Frameworks/SpeechSynthesis.framework/Versions/A/SpeechSynthesis
0x00000000096b0000 	/System/Library/Frameworks/Metal.framework/Versions/A/Metal
0x00000000096b0000 	/System/Library/Frameworks/Accelerate.framework/Versions/A/Frameworks/vImage.framework/Versions/A/vImage
0x00000000096b0000 	/System/Library/Frameworks/Accelerate.framework/Versions/A/Frameworks/vecLib.framework/Versions/A/vecLib
0x00000000096b0000 	/System/Library/Frameworks/Accelerate.framework/Versions/A/Frameworks/vecLib.framework/Versions/A/libvDSP.dylib
0x00000000096b0000 	/System/Library/Frameworks/Accelerate.framework/Versions/A/Frameworks/vecLib.framework/Versions/A/libvMisc.dylib
0x00000000096b0000 	/System/Library/Frameworks/Accelerate.framework/Versions/A/Frameworks/vecLib.framework/Versions/A/libLAPACK.dylib
0x00000000096b0000 	/System/Library/Frameworks/Accelerate.framework/Versions/A/Frameworks/vecLib.framework/Versions/A/libBLAS.dylib
0x00000000096b0000 	/System/Library/Frameworks/Accelerate.framework/Versions/A/Frameworks/vecLib.framework/Versions/A/libLinearAlgebra.dylib
0x00000000096b0000 	/System/Library/Frameworks/Accelerate.framework/Versions/A/Frameworks/vecLib.framework/Versions/A/libSparseBLAS.dylib
0x00000000096b0000 	/System/Library/PrivateFrameworks/GPUCompiler.framework/libmetal_timestamp.dylib
0x00000000096b0000 	/System/Library/Frameworks/OpenGL.framework/Versions/A/Libraries/libCoreFSCache.dylib
0x00000000096b0000 	/System/Library/PrivateFrameworks/IOAccelerator.framework/Versions/A/IOAccelerator
0x00000000096b0000 	/System/Library/Frameworks/ApplicationServices.framework/Versions/A/Frameworks/ATS.framework/Versions/A/Resources/libFontParser.dylib
0x00000000096b0000 	/System/Library/Frameworks/ApplicationServices.framework/Versions/A/Frameworks/ATS.framework/Versions/A/Resources/libFontRegistry.dylib
0x00000000096b0000 	/System/Library/PrivateFrameworks/AppleVPA.framework/Versions/A/AppleVPA
0x00000000096b0000 	/System/Library/PrivateFrameworks/AppleJPEG.framework/Versions/A/AppleJPEG
0x00000000096b0000 	/System/Library/Frameworks/ImageIO.framework/Versions/A/Resources/libJPEG.dylib
0x00000000096b0000 	/System/Library/Frameworks/ImageIO.framework/Versions/A/Resources/libTIFF.dylib
0x00000000096b0000 	/System/Library/Frameworks/ImageIO.framework/Versions/A/Resources/libPng.dylib
0x00000000096b0000 	/System/Library/Frameworks/ImageIO.framework/Versions/A/Resources/libGIF.dylib
0x00000000096b0000 	/System/Library/Frameworks/ImageIO.framework/Versions/A/Resources/libJP2.dylib
0x00000000096b0000 	/System/Library/Frameworks/ImageIO.framework/Versions/A/Resources/libRadiance.dylib
0x00000000096b0000 	/System/Library/Frameworks/CoreVideo.framework/Versions/A/CoreVideo
0x00000000096b0000 	/System/Library/Frameworks/OpenGL.framework/Versions/A/Libraries/libGLU.dylib
0x00000000096b0000 	/System/Library/Frameworks/OpenGL.framework/Versions/A/Libraries/libGFXShared.dylib
0x00000000096b0000 	/System/Library/Frameworks/OpenGL.framework/Versions/A/Libraries/libGL.dylib
0x00000000096b0000 	/System/Library/Frameworks/OpenGL.framework/Versions/A/Libraries/libGLImage.dylib
0x00000000096b0000 	/System/Library/Frameworks/OpenGL.framework/Versions/A/Libraries/libCVMSPluginSupport.dylib
0x00000000096b0000 	/System/Library/Frameworks/OpenGL.framework/Versions/A/Libraries/libCoreVMClient.dylib
0x00000000096b0000 	/usr/lib/libcups.2.dylib
0x00000000096b0000 	/System/Library/Frameworks/Kerberos.framework/Versions/A/Kerberos
0x00000000096b0000 	/System/Library/Frameworks/GSS.framework/Versions/A/GSS
0x00000000096b0000 	/usr/lib/libresolv.9.dylib
0x00000000096b0000 	/usr/lib/libiconv.2.dylib
0x00000000096b0000 	/System/Library/PrivateFrameworks/Heimdal.framework/Versions/A/Heimdal
0x00000000096b0000 	/usr/lib/libheimdal-asn1.dylib
0x00000000096b0000 	/System/Library/Frameworks/OpenDirectory.framework/Versions/A/OpenDirectory
0x00000000096b0000 	/System/Library/PrivateFrameworks/CommonAuth.framework/Versions/A/CommonAuth
0x00000000096b0000 	/System/Library/Frameworks/OpenDirectory.framework/Versions/A/Frameworks/CFOpenDirectory.framework/Versions/A/CFOpenDirectory
0x00000000096b0000 	/System/Library/Frameworks/SecurityFoundation.framework/Versions/A/SecurityFoundation
0x00000000096b0000 	/System/Library/PrivateFrameworks/LanguageModeling.framework/Versions/A/LanguageModeling
0x00000000096b0000 	/usr/lib/libmarisa.dylib
0x00000000096b0000 	/usr/lib/libChineseTokenizer.dylib
0x00000000096b0000 	/usr/lib/libcmph.dylib
0x00000000096b0000 	/usr/lib/libcompression.dylib
0x00000000096b0000 	/System/Library/Frameworks/ServiceManagement.framework/Versions/A/ServiceManagement
0x00000000096b0000 	/usr/lib/libxslt.1.dylib
0x00000000096b0000 	/System/Library/Frameworks/Carbon.framework/Versions/A/Frameworks/Ink.framework/Versions/A/Ink
0x00000000096b0000 	/usr/lib/libFosl_dynamic.dylib
0x00000000096b0000 	/System/Library/PrivateFrameworks/FaceCore.framework/Versions/A/FaceCore
0x00000000096b0000 	/System/Library/Frameworks/OpenCL.framework/Versions/A/OpenCL
0x00000000096b0000 	/System/Library/PrivateFrameworks/CrashReporterSupport.framework/Versions/A/CrashReporterSupport
0x00000000096b0000 	/System/Library/PrivateFrameworks/IconServices.framework/Versions/A/IconServices
0x00000000096b0000 	/System/Library/PrivateFrameworks/Apple80211.framework/Versions/A/Apple80211
0x00000000096b0000 	/System/Library/Frameworks/CoreWLAN.framework/Versions/A/CoreWLAN
0x00000000096b0000 	/System/Library/Frameworks/IOBluetooth.framework/Versions/A/IOBluetooth
0x00000000096b0000 	/System/Library/PrivateFrameworks/CoreWiFi.framework/Versions/A/CoreWiFi
0x00000000096b0000 	/System/Library/Frameworks/CoreBluetooth.framework/Versions/A/CoreBluetooth
0x00000000096b0000 	/System/Library/PrivateFrameworks/ChunkingLibrary.framework/Versions/A/ChunkingLibrary
0x00000000096b0000 	/System/Library/PrivateFrameworks/DebugSymbols.framework/Versions/A/DebugSymbols
0x00000000096b0000 	/System/Library/PrivateFrameworks/CoreSymbolication.framework/Versions/A/CoreSymbolication
0x00000000096b0000 	/System/Library/PrivateFrameworks/Symbolication.framework/Versions/A/Symbolication
0x00000000096b0000 	/System/Library/PrivateFrameworks/SpeechRecognitionCore.framework/Versions/A/SpeechRecognitionCore
0x00000001056e2000 	/Library/Java/JavaVirtualMachines/jdk1.8.0_51.jdk/Contents/Home/jre/lib/server/libjvm.dylib
0x00000000096b0000 	/usr/lib/libstdc++.6.dylib
0x000000010664f000 	/Library/Java/JavaVirtualMachines/jdk1.8.0_51.jdk/Contents/Home/jre/lib/libverify.dylib
0x000000010665d000 	/Library/Java/JavaVirtualMachines/jdk1.8.0_51.jdk/Contents/Home/jre/lib/libjava.dylib
0x000000010669c000 	/Library/Java/JavaVirtualMachines/jdk1.8.0_51.jdk/Contents/Home/jre/lib/libzip.dylib
0x000000011a27c000 	/System/Library/Frameworks/JavaVM.framework/Frameworks/JavaRuntimeSupport.framework/JavaRuntimeSupport
0x000000011a297000 	/System/Library/Frameworks/JavaVM.framework/Versions/A/Frameworks/JavaNativeFoundation.framework/Versions/A/JavaNativeFoundation
0x000000011a2ac000 	/System/Library/Frameworks/JavaVM.framework/Versions/A/JavaVM
0x00000000096b0000 	/System/Library/Frameworks/Carbon.framework/Versions/A/Carbon
0x000000011a2b9000 	/System/Library/PrivateFrameworks/JavaLaunching.framework/Versions/A/JavaLaunching
0x00000000096b0000 	/System/Library/Frameworks/Carbon.framework/Versions/A/Frameworks/CommonPanels.framework/Versions/A/CommonPanels
0x00000000096b0000 	/System/Library/Frameworks/Carbon.framework/Versions/A/Frameworks/Help.framework/Versions/A/Help
0x00000000096b0000 	/System/Library/Frameworks/Carbon.framework/Versions/A/Frameworks/ImageCapture.framework/Versions/A/ImageCapture
0x00000000096b0000 	/System/Library/Frameworks/Carbon.framework/Versions/A/Frameworks/OpenScripting.framework/Versions/A/OpenScripting
0x00000000096b0000 	/System/Library/Frameworks/Carbon.framework/Versions/A/Frameworks/Print.framework/Versions/A/Print
0x00000000096b0000 	/System/Library/Frameworks/Carbon.framework/Versions/A/Frameworks/SecurityHI.framework/Versions/A/SecurityHI
0x000000011bc29000 	/Users/WCBVI/NetBeansProjects/EPIQ16-PokeSplat/PokeSplat/Run/jni/libGameEngineCPlugins.so
0x000000011bc79000 	/Users/WCBVI/NetBeansProjects/EPIQ16-PokeSplat/PokeSplat/Run/jni/libfreetype.dylib
0x000000011d35c000 	/Library/Java/JavaVirtualMachines/jdk1.8.0_51.jdk/Contents/Home/jre/lib/libnet.dylib
0x000000011d457000 	/Library/Java/JavaVirtualMachines/jdk1.8.0_51.jdk/Contents/Home/jre/lib/libawt.dylib
0x000000011d4ff000 	/Library/Java/JavaVirtualMachines/jdk1.8.0_51.jdk/Contents/Home/jre/lib/./libmlib_image.dylib
0x000000011d5cb000 	/Library/Java/JavaVirtualMachines/jdk1.8.0_51.jdk/Contents/Home/jre/lib/libawt_lwawt.dylib
0x000000011d67f000 	/Library/Java/JavaVirtualMachines/jdk1.8.0_51.jdk/Contents/Home/jre/lib/./libosxapp.dylib
0x00000000096b0000 	/System/Library/Frameworks/ExceptionHandling.framework/Versions/A/ExceptionHandling
0x00000000096b0000 	/System/Library/PrivateFrameworks/CoreServicesInternal.framework/Versions/A/CoreServicesInternal
0x00000000096b0000 	/System/Library/Frameworks/CoreGraphics.framework/Versions/A/Resources/libRIP.A.dylib
0x00000000096b0000 	/System/Library/Frameworks/Accelerate.framework/Versions/A/Frameworks/vImage.framework/Versions/A/Libraries/libCGInterfaces.dylib
0x00000000096b0000 	/System/Library/Frameworks/CoreGraphics.framework/Versions/A/Resources/libCGXType.A.dylib
0x00000000096b0000 	/System/Library/Frameworks/OpenCL.framework/Versions/A/Libraries/libcldcpuengine.dylib
0x00000000096b0000 	/System/Library/PrivateFrameworks/DiskImages.framework/Versions/A/DiskImages
0x00000000096b0000 	/System/Library/Frameworks/DiscRecording.framework/Versions/A/DiscRecording
0x00000000096b0000 	/usr/lib/libcsfde.dylib
0x00000000096b0000 	/usr/lib/libcurl.4.dylib
0x00000000096b0000 	/System/Library/PrivateFrameworks/MediaKit.framework/Versions/A/MediaKit
0x00000000096b0000 	/System/Library/PrivateFrameworks/ProtectedCloudStorage.framework/Versions/A/ProtectedCloudStorage
0x00000000096b0000 	/usr/lib/libCoreStorage.dylib
0x00000000096b0000 	/System/Library/PrivateFrameworks/EFILogin.framework/Versions/A/EFILogin
0x00000000096b0000 	/usr/lib/libutil.dylib
0x00000000096b0000 	/System/Library/PrivateFrameworks/FindMyDevice.framework/Versions/A/FindMyDevice
0x00000000096b0000 	/System/Library/Frameworks/LDAP.framework/Versions/A/LDAP
0x00000000096b0000 	/usr/lib/libsasl2.2.dylib
0x00000000096b0000 	/System/Library/PrivateFrameworks/CoreDaemon.framework/Versions/B/CoreDaemon
0x00000000096b0000 	/usr/lib/libcrypto.0.9.8.dylib
0x00000000096b0000 	/System/Library/PrivateFrameworks/AppleSRP.framework/Versions/A/AppleSRP
0x00000000096b0000 	/System/Library/PrivateFrameworks/TrustEvaluationAgent.framework/Versions/A/TrustEvaluationAgent
0x000000011f355000 	cl_kernels
0x00000000096b0000 	/System/Library/Frameworks/OpenCL.framework/Versions/A/Libraries/ImageFormats/unorm8_bgra.dylib
0x00000000096b0000 	/System/Library/Frameworks/OpenCL.framework/Versions/A/Libraries/ImageFormats/unorm8_rgba.dylib
0x00000000096b0000 	/System/Library/PrivateFrameworks/FamilyControls.framework/Versions/A/FamilyControls
0x00000000096b0000 	/System/Library/PrivateFrameworks/CommerceKit.framework/Versions/A/Frameworks/CommerceCore.framework/Versions/A/CommerceCore
0x00000000096b0000 	/System/Library/PrivateFrameworks/SystemAdministration.framework/Versions/A/SystemAdministration
0x00000000096b0000 	/System/Library/PrivateFrameworks/AppContainer.framework/Versions/A/AppContainer
0x00000000096b0000 	/System/Library/PrivateFrameworks/SecCodeWrapper.framework/Versions/A/SecCodeWrapper
0x00000000096b0000 	/System/Library/Frameworks/DirectoryService.framework/Versions/A/DirectoryService
0x00000000096b0000 	/System/Library/PrivateFrameworks/LoginUIKit.framework/Versions/A/Frameworks/LoginUICore.framework/Versions/A/LoginUICore
0x00000000096b0000 	/usr/lib/libodfde.dylib
0x000000012089d000 	/Library/Java/JavaVirtualMachines/jdk1.8.0_51.jdk/Contents/Home/jre/lib/libfontmanager.dylib
0x0000000120904000 	/Users/WCBVI/NetBeansProjects/EPIQ16-PokeSplat/PokeSplat/Run/jni/liblwjgl.dylib
0x000000011e8cc000 	/Library/Java/JavaVirtualMachines/jdk1.8.0_51.jdk/Contents/Home/jre/lib/libjawt.dylib
0x00000000096b0000 	/System/Library/Frameworks/OpenGL.framework/Versions/A/Resources/GLEngine.bundle/GLEngine
0x00000000096b0000 	/System/Library/Frameworks/OpenGL.framework/Versions/A/Libraries/libGLProgrammability.dylib
0x0000000120b91000 	/System/Library/Extensions/AppleIntelHD5000GraphicsGLDriver.bundle/Contents/MacOS/AppleIntelHD5000GraphicsGLDriver
0x00000000096b0000 	/System/Library/PrivateFrameworks/GPUSupport.framework/Versions/A/Libraries/libGPUSupportMercury.dylib
0x00000000096b0000 	/System/Library/Frameworks/OpenGL.framework/Versions/A/Resources/GLRendererFloat.bundle/GLRendererFloat

VM Arguments:
jvm_args: -Dsodbeans=1 
java_command: Run/Default.jar
java_class_path (initial): Run/Default.jar
Launcher Type: SUN_STANDARD

Environment Variables:
PATH=/usr/bin:/bin:/usr/sbin:/sbin
LD_LIBRARY_PATH=/Library/Java/JavaVirtualMachines/jdk1.8.0_51.jdk/Contents/Home/jre/lib/amd64:/Library/Java/JavaVirtualMachines/jdk1.8.0_51.jdk/Contents/Home/jre/lib/i386:
SHELL=/bin/bash

Signal Handlers:
SIGSEGV: [libjvm.dylib+0x58ef35], sa_mask[0]=11111111011111110111111111111111, sa_flags=SA_ONSTACK|SA_RESTART|SA_SIGINFO
SIGBUS: [libjvm.dylib+0x58ef35], sa_mask[0]=11111111011111110111111111111111, sa_flags=SA_RESTART|SA_SIGINFO
SIGFPE: [libjvm.dylib+0x46c028], sa_mask[0]=11111111011111110111111111111111, sa_flags=SA_RESTART|SA_SIGINFO
SIGPIPE: [libjvm.dylib+0x46c028], sa_mask[0]=11111111011111110111111111111111, sa_flags=SA_RESTART|SA_SIGINFO
SIGXFSZ: [libjvm.dylib+0x46c028], sa_mask[0]=11111111011111110111111111111111, sa_flags=SA_RESTART|SA_SIGINFO
SIGILL: [libjvm.dylib+0x46c028], sa_mask[0]=11111111011111110111111111111111, sa_flags=SA_RESTART|SA_SIGINFO
SIGUSR1: SIG_DFL, sa_mask[0]=00000000000000000000000000000000, sa_flags=none
SIGUSR2: [libjvm.dylib+0x46bb46], sa_mask[0]=00100000000000000000000000000000, sa_flags=SA_RESTART|SA_SIGINFO
SIGHUP: [libjvm.dylib+0x46a119], sa_mask[0]=11111111011111110111111111111111, sa_flags=SA_RESTART|SA_SIGINFO
SIGINT: SIG_IGN, sa_mask[0]=00000000000000000000000000000000, sa_flags=none
SIGTERM: [libjvm.dylib+0x46a119], sa_mask[0]=11111111011111110111111111111111, sa_flags=SA_RESTART|SA_SIGINFO
SIGQUIT: [libjvm.dylib+0x46a119], sa_mask[0]=11111111011111110111111111111111, sa_flags=SA_RESTART|SA_SIGINFO


---------------  S Y S T E M  ---------------

OS:Bsduname:Darwin 15.4.0 Darwin Kernel Version 15.4.0: Fri Feb 26 22:08:05 PST 2016; root:xnu-3248.40.184~3/RELEASE_X86_64 x86_64
rlimit: STACK 8192k, CORE 0k, NPROC 709, NOFILE 10240, AS infinity
load average:2.40 1.52 1.67

CPU:total 4 (2 cores per cpu, 2 threads per core) family 6 model 69 stepping 1, cmov, cx8, fxsr, mmx, sse, sse2, sse3, ssse3, sse4.1, sse4.2, popcnt, avx, avx2, aes, clmul, erms, lzcnt, ht, tsc, tscinvbit, bmi1, bmi2

Memory: 4k page, physical 4194304k(21052k free)

/proc/meminfo:


vm_info: Java HotSpot(TM) 64-Bit Server VM (25.51-b03) for bsd-amd64 JRE (1.8.0_51-b16), built on Jun  8 2015 18:01:11 by "java_re" with gcc 4.2.1 (Based on Apple Inc. build 5658) (LLVM build 2336.11.00)

time: Thu Jul 14 20:35:33 2016
elapsed time: 5 seconds (0d 0h 0m 5s)

